CRITICAL - 2025-02-14 02:23:41 --> ErrorException: require_once(/pwordpress/wp-load.php): Failed to open stream: No such file or directory
[Method: GET, Route: admin]
in APPPATH\Controllers\Login.php on line 20.
 1 APPPATH\Controllers\Login.php(20): CodeIgniter\Debug\Exceptions->errorHandler(2, 'require_once(/pwordpress/wp-load.php): Failed to open stream: No such file or directory', 'C:\\xampp\\htdocs\\auction\\app\\Controllers\\Login.php', 20)
 2 APPPATH\Controllers\Login.php(20): require_once()
 3 SYSTEMPATH\CodeIgniter.php(933): App\Controllers\Login->index()
 4 SYSTEMPATH\CodeIgniter.php(507): CodeIgniter\CodeIgniter->runController(Object(App\Controllers\Login))
 5 SYSTEMPATH\CodeIgniter.php(354): CodeIgniter\CodeIgniter->handleRequest(null, Object(Config\Cache), false)
 6 SYSTEMPATH\Boot.php(334): CodeIgniter\CodeIgniter->run()
 7 SYSTEMPATH\Boot.php(67): CodeIgniter\Boot::runCodeIgniter(Object(CodeIgniter\CodeIgniter))
 8 FCPATH\index.php(56): CodeIgniter\Boot::bootWeb(Object(Config\Paths))
CRITICAL - 2025-02-14 02:23:51 --> ErrorException: require_once(/wordpress/wp-load.php): Failed to open stream: No such file or directory
[Method: GET, Route: admin]
in APPPATH\Controllers\Login.php on line 20.
 1 APPPATH\Controllers\Login.php(20): CodeIgniter\Debug\Exceptions->errorHandler(2, 'require_once(/wordpress/wp-load.php): Failed to open stream: No such file or directory', 'C:\\xampp\\htdocs\\auction\\app\\Controllers\\Login.php', 20)
 2 APPPATH\Controllers\Login.php(20): require_once()
 3 SYSTEMPATH\CodeIgniter.php(933): App\Controllers\Login->index()
 4 SYSTEMPATH\CodeIgniter.php(507): CodeIgniter\CodeIgniter->runController(Object(App\Controllers\Login))
 5 SYSTEMPATH\CodeIgniter.php(354): CodeIgniter\CodeIgniter->handleRequest(null, Object(Config\Cache), false)
 6 SYSTEMPATH\Boot.php(334): CodeIgniter\CodeIgniter->run()
 7 SYSTEMPATH\Boot.php(67): CodeIgniter\Boot::runCodeIgniter(Object(CodeIgniter\CodeIgniter))
 8 FCPATH\index.php(56): CodeIgniter\Boot::bootWeb(Object(Config\Paths))
CRITICAL - 2025-02-14 02:24:49 --> ErrorException: require_once(../../../wordpress/wp-load.php): Failed to open stream: No such file or directory
[Method: GET, Route: admin]
in APPPATH\Controllers\Login.php on line 20.
 1 APPPATH\Controllers\Login.php(20): CodeIgniter\Debug\Exceptions->errorHandler(2, 'require_once(../../../wordpress/wp-load.php): Failed to open stream: No such file or directory', 'C:\\xampp\\htdocs\\auction\\app\\Controllers\\Login.php', 20)
 2 APPPATH\Controllers\Login.php(20): require_once()
 3 SYSTEMPATH\CodeIgniter.php(933): App\Controllers\Login->index()
 4 SYSTEMPATH\CodeIgniter.php(507): CodeIgniter\CodeIgniter->runController(Object(App\Controllers\Login))
 5 SYSTEMPATH\CodeIgniter.php(354): CodeIgniter\CodeIgniter->handleRequest(null, Object(Config\Cache), false)
 6 SYSTEMPATH\Boot.php(334): CodeIgniter\CodeIgniter->run()
 7 SYSTEMPATH\Boot.php(67): CodeIgniter\Boot::runCodeIgniter(Object(CodeIgniter\CodeIgniter))
 8 FCPATH\index.php(56): CodeIgniter\Boot::bootWeb(Object(Config\Paths))
CRITICAL - 2025-02-14 02:24:50 --> ErrorException: require_once(../../../wordpress/wp-load.php): Failed to open stream: No such file or directory
[Method: GET, Route: admin]
in APPPATH\Controllers\Login.php on line 20.
 1 APPPATH\Controllers\Login.php(20): CodeIgniter\Debug\Exceptions->errorHandler(2, 'require_once(../../../wordpress/wp-load.php): Failed to open stream: No such file or directory', 'C:\\xampp\\htdocs\\auction\\app\\Controllers\\Login.php', 20)
 2 APPPATH\Controllers\Login.php(20): require_once()
 3 SYSTEMPATH\CodeIgniter.php(933): App\Controllers\Login->index()
 4 SYSTEMPATH\CodeIgniter.php(507): CodeIgniter\CodeIgniter->runController(Object(App\Controllers\Login))
 5 SYSTEMPATH\CodeIgniter.php(354): CodeIgniter\CodeIgniter->handleRequest(null, Object(Config\Cache), false)
 6 SYSTEMPATH\Boot.php(334): CodeIgniter\CodeIgniter->run()
 7 SYSTEMPATH\Boot.php(67): CodeIgniter\Boot::runCodeIgniter(Object(CodeIgniter\CodeIgniter))
 8 FCPATH\index.php(56): CodeIgniter\Boot::bootWeb(Object(Config\Paths))
CRITICAL - 2025-02-14 02:24:50 --> ErrorException: require_once(../../../wordpress/wp-load.php): Failed to open stream: No such file or directory
[Method: GET, Route: admin]
in APPPATH\Controllers\Login.php on line 20.
 1 APPPATH\Controllers\Login.php(20): CodeIgniter\Debug\Exceptions->errorHandler(2, 'require_once(../../../wordpress/wp-load.php): Failed to open stream: No such file or directory', 'C:\\xampp\\htdocs\\auction\\app\\Controllers\\Login.php', 20)
 2 APPPATH\Controllers\Login.php(20): require_once()
 3 SYSTEMPATH\CodeIgniter.php(933): App\Controllers\Login->index()
 4 SYSTEMPATH\CodeIgniter.php(507): CodeIgniter\CodeIgniter->runController(Object(App\Controllers\Login))
 5 SYSTEMPATH\CodeIgniter.php(354): CodeIgniter\CodeIgniter->handleRequest(null, Object(Config\Cache), false)
 6 SYSTEMPATH\Boot.php(334): CodeIgniter\CodeIgniter->run()
 7 SYSTEMPATH\Boot.php(67): CodeIgniter\Boot::runCodeIgniter(Object(CodeIgniter\CodeIgniter))
 8 FCPATH\index.php(56): CodeIgniter\Boot::bootWeb(Object(Config\Paths))
CRITICAL - 2025-02-14 02:24:50 --> ErrorException: require_once(../../../wordpress/wp-load.php): Failed to open stream: No such file or directory
[Method: GET, Route: admin]
in APPPATH\Controllers\Login.php on line 20.
 1 APPPATH\Controllers\Login.php(20): CodeIgniter\Debug\Exceptions->errorHandler(2, 'require_once(../../../wordpress/wp-load.php): Failed to open stream: No such file or directory', 'C:\\xampp\\htdocs\\auction\\app\\Controllers\\Login.php', 20)
 2 APPPATH\Controllers\Login.php(20): require_once()
 3 SYSTEMPATH\CodeIgniter.php(933): App\Controllers\Login->index()
 4 SYSTEMPATH\CodeIgniter.php(507): CodeIgniter\CodeIgniter->runController(Object(App\Controllers\Login))
 5 SYSTEMPATH\CodeIgniter.php(354): CodeIgniter\CodeIgniter->handleRequest(null, Object(Config\Cache), false)
 6 SYSTEMPATH\Boot.php(334): CodeIgniter\CodeIgniter->run()
 7 SYSTEMPATH\Boot.php(67): CodeIgniter\Boot::runCodeIgniter(Object(CodeIgniter\CodeIgniter))
 8 FCPATH\index.php(56): CodeIgniter\Boot::bootWeb(Object(Config\Paths))
CRITICAL - 2025-02-14 02:24:50 --> ErrorException: require_once(../../../wordpress/wp-load.php): Failed to open stream: No such file or directory
[Method: GET, Route: admin]
in APPPATH\Controllers\Login.php on line 20.
 1 APPPATH\Controllers\Login.php(20): CodeIgniter\Debug\Exceptions->errorHandler(2, 'require_once(../../../wordpress/wp-load.php): Failed to open stream: No such file or directory', 'C:\\xampp\\htdocs\\auction\\app\\Controllers\\Login.php', 20)
 2 APPPATH\Controllers\Login.php(20): require_once()
 3 SYSTEMPATH\CodeIgniter.php(933): App\Controllers\Login->index()
 4 SYSTEMPATH\CodeIgniter.php(507): CodeIgniter\CodeIgniter->runController(Object(App\Controllers\Login))
 5 SYSTEMPATH\CodeIgniter.php(354): CodeIgniter\CodeIgniter->handleRequest(null, Object(Config\Cache), false)
 6 SYSTEMPATH\Boot.php(334): CodeIgniter\CodeIgniter->run()
 7 SYSTEMPATH\Boot.php(67): CodeIgniter\Boot::runCodeIgniter(Object(CodeIgniter\CodeIgniter))
 8 FCPATH\index.php(56): CodeIgniter\Boot::bootWeb(Object(Config\Paths))
CRITICAL - 2025-02-14 02:24:50 --> ErrorException: require_once(../../../wordpress/wp-load.php): Failed to open stream: No such file or directory
[Method: GET, Route: admin]
in APPPATH\Controllers\Login.php on line 20.
 1 APPPATH\Controllers\Login.php(20): CodeIgniter\Debug\Exceptions->errorHandler(2, 'require_once(../../../wordpress/wp-load.php): Failed to open stream: No such file or directory', 'C:\\xampp\\htdocs\\auction\\app\\Controllers\\Login.php', 20)
 2 APPPATH\Controllers\Login.php(20): require_once()
 3 SYSTEMPATH\CodeIgniter.php(933): App\Controllers\Login->index()
 4 SYSTEMPATH\CodeIgniter.php(507): CodeIgniter\CodeIgniter->runController(Object(App\Controllers\Login))
 5 SYSTEMPATH\CodeIgniter.php(354): CodeIgniter\CodeIgniter->handleRequest(null, Object(Config\Cache), false)
 6 SYSTEMPATH\Boot.php(334): CodeIgniter\CodeIgniter->run()
 7 SYSTEMPATH\Boot.php(67): CodeIgniter\Boot::runCodeIgniter(Object(CodeIgniter\CodeIgniter))
 8 FCPATH\index.php(56): CodeIgniter\Boot::bootWeb(Object(Config\Paths))
CRITICAL - 2025-02-14 02:24:51 --> ErrorException: require_once(../../../wordpress/wp-load.php): Failed to open stream: No such file or directory
[Method: GET, Route: admin]
in APPPATH\Controllers\Login.php on line 20.
 1 APPPATH\Controllers\Login.php(20): CodeIgniter\Debug\Exceptions->errorHandler(2, 'require_once(../../../wordpress/wp-load.php): Failed to open stream: No such file or directory', 'C:\\xampp\\htdocs\\auction\\app\\Controllers\\Login.php', 20)
 2 APPPATH\Controllers\Login.php(20): require_once()
 3 SYSTEMPATH\CodeIgniter.php(933): App\Controllers\Login->index()
 4 SYSTEMPATH\CodeIgniter.php(507): CodeIgniter\CodeIgniter->runController(Object(App\Controllers\Login))
 5 SYSTEMPATH\CodeIgniter.php(354): CodeIgniter\CodeIgniter->handleRequest(null, Object(Config\Cache), false)
 6 SYSTEMPATH\Boot.php(334): CodeIgniter\CodeIgniter->run()
 7 SYSTEMPATH\Boot.php(67): CodeIgniter\Boot::runCodeIgniter(Object(CodeIgniter\CodeIgniter))
 8 FCPATH\index.php(56): CodeIgniter\Boot::bootWeb(Object(Config\Paths))
CRITICAL - 2025-02-14 02:25:07 --> ErrorException: require_once(../../wordpress/wp-load.php): Failed to open stream: No such file or directory
[Method: GET, Route: admin]
in APPPATH\Controllers\Login.php on line 20.
 1 APPPATH\Controllers\Login.php(20): CodeIgniter\Debug\Exceptions->errorHandler(2, 'require_once(../../wordpress/wp-load.php): Failed to open stream: No such file or directory', 'C:\\xampp\\htdocs\\auction\\app\\Controllers\\Login.php', 20)
 2 APPPATH\Controllers\Login.php(20): require_once()
 3 SYSTEMPATH\CodeIgniter.php(933): App\Controllers\Login->index()
 4 SYSTEMPATH\CodeIgniter.php(507): CodeIgniter\CodeIgniter->runController(Object(App\Controllers\Login))
 5 SYSTEMPATH\CodeIgniter.php(354): CodeIgniter\CodeIgniter->handleRequest(null, Object(Config\Cache), false)
 6 SYSTEMPATH\Boot.php(334): CodeIgniter\CodeIgniter->run()
 7 SYSTEMPATH\Boot.php(67): CodeIgniter\Boot::runCodeIgniter(Object(CodeIgniter\CodeIgniter))
 8 FCPATH\index.php(56): CodeIgniter\Boot::bootWeb(Object(Config\Paths))
CRITICAL - 2025-02-14 02:25:08 --> ErrorException: require_once(../../wordpress/wp-load.php): Failed to open stream: No such file or directory
[Method: GET, Route: admin]
in APPPATH\Controllers\Login.php on line 20.
 1 APPPATH\Controllers\Login.php(20): CodeIgniter\Debug\Exceptions->errorHandler(2, 'require_once(../../wordpress/wp-load.php): Failed to open stream: No such file or directory', 'C:\\xampp\\htdocs\\auction\\app\\Controllers\\Login.php', 20)
 2 APPPATH\Controllers\Login.php(20): require_once()
 3 SYSTEMPATH\CodeIgniter.php(933): App\Controllers\Login->index()
 4 SYSTEMPATH\CodeIgniter.php(507): CodeIgniter\CodeIgniter->runController(Object(App\Controllers\Login))
 5 SYSTEMPATH\CodeIgniter.php(354): CodeIgniter\CodeIgniter->handleRequest(null, Object(Config\Cache), false)
 6 SYSTEMPATH\Boot.php(334): CodeIgniter\CodeIgniter->run()
 7 SYSTEMPATH\Boot.php(67): CodeIgniter\Boot::runCodeIgniter(Object(CodeIgniter\CodeIgniter))
 8 FCPATH\index.php(56): CodeIgniter\Boot::bootWeb(Object(Config\Paths))
CRITICAL - 2025-02-14 02:25:08 --> ErrorException: require_once(../../wordpress/wp-load.php): Failed to open stream: No such file or directory
[Method: GET, Route: admin]
in APPPATH\Controllers\Login.php on line 20.
 1 APPPATH\Controllers\Login.php(20): CodeIgniter\Debug\Exceptions->errorHandler(2, 'require_once(../../wordpress/wp-load.php): Failed to open stream: No such file or directory', 'C:\\xampp\\htdocs\\auction\\app\\Controllers\\Login.php', 20)
 2 APPPATH\Controllers\Login.php(20): require_once()
 3 SYSTEMPATH\CodeIgniter.php(933): App\Controllers\Login->index()
 4 SYSTEMPATH\CodeIgniter.php(507): CodeIgniter\CodeIgniter->runController(Object(App\Controllers\Login))
 5 SYSTEMPATH\CodeIgniter.php(354): CodeIgniter\CodeIgniter->handleRequest(null, Object(Config\Cache), false)
 6 SYSTEMPATH\Boot.php(334): CodeIgniter\CodeIgniter->run()
 7 SYSTEMPATH\Boot.php(67): CodeIgniter\Boot::runCodeIgniter(Object(CodeIgniter\CodeIgniter))
 8 FCPATH\index.php(56): CodeIgniter\Boot::bootWeb(Object(Config\Paths))
CRITICAL - 2025-02-14 02:25:08 --> ErrorException: require_once(../../wordpress/wp-load.php): Failed to open stream: No such file or directory
[Method: GET, Route: admin]
in APPPATH\Controllers\Login.php on line 20.
 1 APPPATH\Controllers\Login.php(20): CodeIgniter\Debug\Exceptions->errorHandler(2, 'require_once(../../wordpress/wp-load.php): Failed to open stream: No such file or directory', 'C:\\xampp\\htdocs\\auction\\app\\Controllers\\Login.php', 20)
 2 APPPATH\Controllers\Login.php(20): require_once()
 3 SYSTEMPATH\CodeIgniter.php(933): App\Controllers\Login->index()
 4 SYSTEMPATH\CodeIgniter.php(507): CodeIgniter\CodeIgniter->runController(Object(App\Controllers\Login))
 5 SYSTEMPATH\CodeIgniter.php(354): CodeIgniter\CodeIgniter->handleRequest(null, Object(Config\Cache), false)
 6 SYSTEMPATH\Boot.php(334): CodeIgniter\CodeIgniter->run()
 7 SYSTEMPATH\Boot.php(67): CodeIgniter\Boot::runCodeIgniter(Object(CodeIgniter\CodeIgniter))
 8 FCPATH\index.php(56): CodeIgniter\Boot::bootWeb(Object(Config\Paths))
CRITICAL - 2025-02-14 02:25:08 --> ErrorException: require_once(../../wordpress/wp-load.php): Failed to open stream: No such file or directory
[Method: GET, Route: admin]
in APPPATH\Controllers\Login.php on line 20.
 1 APPPATH\Controllers\Login.php(20): CodeIgniter\Debug\Exceptions->errorHandler(2, 'require_once(../../wordpress/wp-load.php): Failed to open stream: No such file or directory', 'C:\\xampp\\htdocs\\auction\\app\\Controllers\\Login.php', 20)
 2 APPPATH\Controllers\Login.php(20): require_once()
 3 SYSTEMPATH\CodeIgniter.php(933): App\Controllers\Login->index()
 4 SYSTEMPATH\CodeIgniter.php(507): CodeIgniter\CodeIgniter->runController(Object(App\Controllers\Login))
 5 SYSTEMPATH\CodeIgniter.php(354): CodeIgniter\CodeIgniter->handleRequest(null, Object(Config\Cache), false)
 6 SYSTEMPATH\Boot.php(334): CodeIgniter\CodeIgniter->run()
 7 SYSTEMPATH\Boot.php(67): CodeIgniter\Boot::runCodeIgniter(Object(CodeIgniter\CodeIgniter))
 8 FCPATH\index.php(56): CodeIgniter\Boot::bootWeb(Object(Config\Paths))
CRITICAL - 2025-02-14 02:25:08 --> ErrorException: require_once(../../wordpress/wp-load.php): Failed to open stream: No such file or directory
[Method: GET, Route: admin]
in APPPATH\Controllers\Login.php on line 20.
 1 APPPATH\Controllers\Login.php(20): CodeIgniter\Debug\Exceptions->errorHandler(2, 'require_once(../../wordpress/wp-load.php): Failed to open stream: No such file or directory', 'C:\\xampp\\htdocs\\auction\\app\\Controllers\\Login.php', 20)
 2 APPPATH\Controllers\Login.php(20): require_once()
 3 SYSTEMPATH\CodeIgniter.php(933): App\Controllers\Login->index()
 4 SYSTEMPATH\CodeIgniter.php(507): CodeIgniter\CodeIgniter->runController(Object(App\Controllers\Login))
 5 SYSTEMPATH\CodeIgniter.php(354): CodeIgniter\CodeIgniter->handleRequest(null, Object(Config\Cache), false)
 6 SYSTEMPATH\Boot.php(334): CodeIgniter\CodeIgniter->run()
 7 SYSTEMPATH\Boot.php(67): CodeIgniter\Boot::runCodeIgniter(Object(CodeIgniter\CodeIgniter))
 8 FCPATH\index.php(56): CodeIgniter\Boot::bootWeb(Object(Config\Paths))
CRITICAL - 2025-02-14 02:25:09 --> ErrorException: require_once(../../wordpress/wp-load.php): Failed to open stream: No such file or directory
[Method: GET, Route: admin]
in APPPATH\Controllers\Login.php on line 20.
 1 APPPATH\Controllers\Login.php(20): CodeIgniter\Debug\Exceptions->errorHandler(2, 'require_once(../../wordpress/wp-load.php): Failed to open stream: No such file or directory', 'C:\\xampp\\htdocs\\auction\\app\\Controllers\\Login.php', 20)
 2 APPPATH\Controllers\Login.php(20): require_once()
 3 SYSTEMPATH\CodeIgniter.php(933): App\Controllers\Login->index()
 4 SYSTEMPATH\CodeIgniter.php(507): CodeIgniter\CodeIgniter->runController(Object(App\Controllers\Login))
 5 SYSTEMPATH\CodeIgniter.php(354): CodeIgniter\CodeIgniter->handleRequest(null, Object(Config\Cache), false)
 6 SYSTEMPATH\Boot.php(334): CodeIgniter\CodeIgniter->run()
 7 SYSTEMPATH\Boot.php(67): CodeIgniter\Boot::runCodeIgniter(Object(CodeIgniter\CodeIgniter))
 8 FCPATH\index.php(56): CodeIgniter\Boot::bootWeb(Object(Config\Paths))
CRITICAL - 2025-02-14 02:26:18 --> ErrorException: require_once(../../wordpress/wp-load.php): Failed to open stream: No such file or directory
[Method: GET, Route: admin]
in APPPATH\Controllers\Login.php on line 19.
 1 APPPATH\Controllers\Login.php(19): CodeIgniter\Debug\Exceptions->errorHandler(2, 'require_once(../../wordpress/wp-load.php): Failed to open stream: No such file or directory', 'C:\\xampp\\htdocs\\auction\\app\\Controllers\\Login.php', 19)
 2 APPPATH\Controllers\Login.php(19): require_once()
 3 SYSTEMPATH\CodeIgniter.php(933): App\Controllers\Login->index()
 4 SYSTEMPATH\CodeIgniter.php(507): CodeIgniter\CodeIgniter->runController(Object(App\Controllers\Login))
 5 SYSTEMPATH\CodeIgniter.php(354): CodeIgniter\CodeIgniter->handleRequest(null, Object(Config\Cache), false)
 6 SYSTEMPATH\Boot.php(334): CodeIgniter\CodeIgniter->run()
 7 SYSTEMPATH\Boot.php(67): CodeIgniter\Boot::runCodeIgniter(Object(CodeIgniter\CodeIgniter))
 8 FCPATH\index.php(56): CodeIgniter\Boot::bootWeb(Object(Config\Paths))
CRITICAL - 2025-02-14 02:26:19 --> ErrorException: require_once(../../wordpress/wp-load.php): Failed to open stream: No such file or directory
[Method: GET, Route: admin]
in APPPATH\Controllers\Login.php on line 19.
 1 APPPATH\Controllers\Login.php(19): CodeIgniter\Debug\Exceptions->errorHandler(2, 'require_once(../../wordpress/wp-load.php): Failed to open stream: No such file or directory', 'C:\\xampp\\htdocs\\auction\\app\\Controllers\\Login.php', 19)
 2 APPPATH\Controllers\Login.php(19): require_once()
 3 SYSTEMPATH\CodeIgniter.php(933): App\Controllers\Login->index()
 4 SYSTEMPATH\CodeIgniter.php(507): CodeIgniter\CodeIgniter->runController(Object(App\Controllers\Login))
 5 SYSTEMPATH\CodeIgniter.php(354): CodeIgniter\CodeIgniter->handleRequest(null, Object(Config\Cache), false)
 6 SYSTEMPATH\Boot.php(334): CodeIgniter\CodeIgniter->run()
 7 SYSTEMPATH\Boot.php(67): CodeIgniter\Boot::runCodeIgniter(Object(CodeIgniter\CodeIgniter))
 8 FCPATH\index.php(56): CodeIgniter\Boot::bootWeb(Object(Config\Paths))
CRITICAL - 2025-02-14 02:26:19 --> ErrorException: require_once(../../wordpress/wp-load.php): Failed to open stream: No such file or directory
[Method: GET, Route: admin]
in APPPATH\Controllers\Login.php on line 19.
 1 APPPATH\Controllers\Login.php(19): CodeIgniter\Debug\Exceptions->errorHandler(2, 'require_once(../../wordpress/wp-load.php): Failed to open stream: No such file or directory', 'C:\\xampp\\htdocs\\auction\\app\\Controllers\\Login.php', 19)
 2 APPPATH\Controllers\Login.php(19): require_once()
 3 SYSTEMPATH\CodeIgniter.php(933): App\Controllers\Login->index()
 4 SYSTEMPATH\CodeIgniter.php(507): CodeIgniter\CodeIgniter->runController(Object(App\Controllers\Login))
 5 SYSTEMPATH\CodeIgniter.php(354): CodeIgniter\CodeIgniter->handleRequest(null, Object(Config\Cache), false)
 6 SYSTEMPATH\Boot.php(334): CodeIgniter\CodeIgniter->run()
 7 SYSTEMPATH\Boot.php(67): CodeIgniter\Boot::runCodeIgniter(Object(CodeIgniter\CodeIgniter))
 8 FCPATH\index.php(56): CodeIgniter\Boot::bootWeb(Object(Config\Paths))
CRITICAL - 2025-02-14 02:26:19 --> ErrorException: require_once(../../wordpress/wp-load.php): Failed to open stream: No such file or directory
[Method: GET, Route: admin]
in APPPATH\Controllers\Login.php on line 19.
 1 APPPATH\Controllers\Login.php(19): CodeIgniter\Debug\Exceptions->errorHandler(2, 'require_once(../../wordpress/wp-load.php): Failed to open stream: No such file or directory', 'C:\\xampp\\htdocs\\auction\\app\\Controllers\\Login.php', 19)
 2 APPPATH\Controllers\Login.php(19): require_once()
 3 SYSTEMPATH\CodeIgniter.php(933): App\Controllers\Login->index()
 4 SYSTEMPATH\CodeIgniter.php(507): CodeIgniter\CodeIgniter->runController(Object(App\Controllers\Login))
 5 SYSTEMPATH\CodeIgniter.php(354): CodeIgniter\CodeIgniter->handleRequest(null, Object(Config\Cache), false)
 6 SYSTEMPATH\Boot.php(334): CodeIgniter\CodeIgniter->run()
 7 SYSTEMPATH\Boot.php(67): CodeIgniter\Boot::runCodeIgniter(Object(CodeIgniter\CodeIgniter))
 8 FCPATH\index.php(56): CodeIgniter\Boot::bootWeb(Object(Config\Paths))
CRITICAL - 2025-02-14 02:26:20 --> ErrorException: require_once(../../wordpress/wp-load.php): Failed to open stream: No such file or directory
[Method: GET, Route: admin]
in APPPATH\Controllers\Login.php on line 19.
 1 APPPATH\Controllers\Login.php(19): CodeIgniter\Debug\Exceptions->errorHandler(2, 'require_once(../../wordpress/wp-load.php): Failed to open stream: No such file or directory', 'C:\\xampp\\htdocs\\auction\\app\\Controllers\\Login.php', 19)
 2 APPPATH\Controllers\Login.php(19): require_once()
 3 SYSTEMPATH\CodeIgniter.php(933): App\Controllers\Login->index()
 4 SYSTEMPATH\CodeIgniter.php(507): CodeIgniter\CodeIgniter->runController(Object(App\Controllers\Login))
 5 SYSTEMPATH\CodeIgniter.php(354): CodeIgniter\CodeIgniter->handleRequest(null, Object(Config\Cache), false)
 6 SYSTEMPATH\Boot.php(334): CodeIgniter\CodeIgniter->run()
 7 SYSTEMPATH\Boot.php(67): CodeIgniter\Boot::runCodeIgniter(Object(CodeIgniter\CodeIgniter))
 8 FCPATH\index.php(56): CodeIgniter\Boot::bootWeb(Object(Config\Paths))
CRITICAL - 2025-02-14 02:26:20 --> ErrorException: require_once(../../wordpress/wp-load.php): Failed to open stream: No such file or directory
[Method: GET, Route: admin]
in APPPATH\Controllers\Login.php on line 19.
 1 APPPATH\Controllers\Login.php(19): CodeIgniter\Debug\Exceptions->errorHandler(2, 'require_once(../../wordpress/wp-load.php): Failed to open stream: No such file or directory', 'C:\\xampp\\htdocs\\auction\\app\\Controllers\\Login.php', 19)
 2 APPPATH\Controllers\Login.php(19): require_once()
 3 SYSTEMPATH\CodeIgniter.php(933): App\Controllers\Login->index()
 4 SYSTEMPATH\CodeIgniter.php(507): CodeIgniter\CodeIgniter->runController(Object(App\Controllers\Login))
 5 SYSTEMPATH\CodeIgniter.php(354): CodeIgniter\CodeIgniter->handleRequest(null, Object(Config\Cache), false)
 6 SYSTEMPATH\Boot.php(334): CodeIgniter\CodeIgniter->run()
 7 SYSTEMPATH\Boot.php(67): CodeIgniter\Boot::runCodeIgniter(Object(CodeIgniter\CodeIgniter))
 8 FCPATH\index.php(56): CodeIgniter\Boot::bootWeb(Object(Config\Paths))
CRITICAL - 2025-02-14 02:26:20 --> ErrorException: require_once(../../wordpress/wp-load.php): Failed to open stream: No such file or directory
[Method: GET, Route: admin]
in APPPATH\Controllers\Login.php on line 19.
 1 APPPATH\Controllers\Login.php(19): CodeIgniter\Debug\Exceptions->errorHandler(2, 'require_once(../../wordpress/wp-load.php): Failed to open stream: No such file or directory', 'C:\\xampp\\htdocs\\auction\\app\\Controllers\\Login.php', 19)
 2 APPPATH\Controllers\Login.php(19): require_once()
 3 SYSTEMPATH\CodeIgniter.php(933): App\Controllers\Login->index()
 4 SYSTEMPATH\CodeIgniter.php(507): CodeIgniter\CodeIgniter->runController(Object(App\Controllers\Login))
 5 SYSTEMPATH\CodeIgniter.php(354): CodeIgniter\CodeIgniter->handleRequest(null, Object(Config\Cache), false)
 6 SYSTEMPATH\Boot.php(334): CodeIgniter\CodeIgniter->run()
 7 SYSTEMPATH\Boot.php(67): CodeIgniter\Boot::runCodeIgniter(Object(CodeIgniter\CodeIgniter))
 8 FCPATH\index.php(56): CodeIgniter\Boot::bootWeb(Object(Config\Paths))
CRITICAL - 2025-02-14 02:26:20 --> ErrorException: require_once(../../wordpress/wp-load.php): Failed to open stream: No such file or directory
[Method: GET, Route: admin]
in APPPATH\Controllers\Login.php on line 19.
 1 APPPATH\Controllers\Login.php(19): CodeIgniter\Debug\Exceptions->errorHandler(2, 'require_once(../../wordpress/wp-load.php): Failed to open stream: No such file or directory', 'C:\\xampp\\htdocs\\auction\\app\\Controllers\\Login.php', 19)
 2 APPPATH\Controllers\Login.php(19): require_once()
 3 SYSTEMPATH\CodeIgniter.php(933): App\Controllers\Login->index()
 4 SYSTEMPATH\CodeIgniter.php(507): CodeIgniter\CodeIgniter->runController(Object(App\Controllers\Login))
 5 SYSTEMPATH\CodeIgniter.php(354): CodeIgniter\CodeIgniter->handleRequest(null, Object(Config\Cache), false)
 6 SYSTEMPATH\Boot.php(334): CodeIgniter\CodeIgniter->run()
 7 SYSTEMPATH\Boot.php(67): CodeIgniter\Boot::runCodeIgniter(Object(CodeIgniter\CodeIgniter))
 8 FCPATH\index.php(56): CodeIgniter\Boot::bootWeb(Object(Config\Paths))
CRITICAL - 2025-02-14 02:27:27 --> ErrorException: require_once(../../../wordpress/wp-load.php): Failed to open stream: No such file or directory
[Method: GET, Route: admin]
in APPPATH\Controllers\Login.php on line 19.
 1 APPPATH\Controllers\Login.php(19): CodeIgniter\Debug\Exceptions->errorHandler(2, 'require_once(../../../wordpress/wp-load.php): Failed to open stream: No such file or directory', 'C:\\xampp\\htdocs\\auction\\app\\Controllers\\Login.php', 19)
 2 APPPATH\Controllers\Login.php(19): require_once()
 3 SYSTEMPATH\CodeIgniter.php(933): App\Controllers\Login->index()
 4 SYSTEMPATH\CodeIgniter.php(507): CodeIgniter\CodeIgniter->runController(Object(App\Controllers\Login))
 5 SYSTEMPATH\CodeIgniter.php(354): CodeIgniter\CodeIgniter->handleRequest(null, Object(Config\Cache), false)
 6 SYSTEMPATH\Boot.php(334): CodeIgniter\CodeIgniter->run()
 7 SYSTEMPATH\Boot.php(67): CodeIgniter\Boot::runCodeIgniter(Object(CodeIgniter\CodeIgniter))
 8 FCPATH\index.php(56): CodeIgniter\Boot::bootWeb(Object(Config\Paths))
CRITICAL - 2025-02-14 02:27:28 --> ErrorException: require_once(../../../wordpress/wp-load.php): Failed to open stream: No such file or directory
[Method: GET, Route: admin]
in APPPATH\Controllers\Login.php on line 19.
 1 APPPATH\Controllers\Login.php(19): CodeIgniter\Debug\Exceptions->errorHandler(2, 'require_once(../../../wordpress/wp-load.php): Failed to open stream: No such file or directory', 'C:\\xampp\\htdocs\\auction\\app\\Controllers\\Login.php', 19)
 2 APPPATH\Controllers\Login.php(19): require_once()
 3 SYSTEMPATH\CodeIgniter.php(933): App\Controllers\Login->index()
 4 SYSTEMPATH\CodeIgniter.php(507): CodeIgniter\CodeIgniter->runController(Object(App\Controllers\Login))
 5 SYSTEMPATH\CodeIgniter.php(354): CodeIgniter\CodeIgniter->handleRequest(null, Object(Config\Cache), false)
 6 SYSTEMPATH\Boot.php(334): CodeIgniter\CodeIgniter->run()
 7 SYSTEMPATH\Boot.php(67): CodeIgniter\Boot::runCodeIgniter(Object(CodeIgniter\CodeIgniter))
 8 FCPATH\index.php(56): CodeIgniter\Boot::bootWeb(Object(Config\Paths))
CRITICAL - 2025-02-14 02:27:28 --> ErrorException: require_once(../../../wordpress/wp-load.php): Failed to open stream: No such file or directory
[Method: GET, Route: admin]
in APPPATH\Controllers\Login.php on line 19.
 1 APPPATH\Controllers\Login.php(19): CodeIgniter\Debug\Exceptions->errorHandler(2, 'require_once(../../../wordpress/wp-load.php): Failed to open stream: No such file or directory', 'C:\\xampp\\htdocs\\auction\\app\\Controllers\\Login.php', 19)
 2 APPPATH\Controllers\Login.php(19): require_once()
 3 SYSTEMPATH\CodeIgniter.php(933): App\Controllers\Login->index()
 4 SYSTEMPATH\CodeIgniter.php(507): CodeIgniter\CodeIgniter->runController(Object(App\Controllers\Login))
 5 SYSTEMPATH\CodeIgniter.php(354): CodeIgniter\CodeIgniter->handleRequest(null, Object(Config\Cache), false)
 6 SYSTEMPATH\Boot.php(334): CodeIgniter\CodeIgniter->run()
 7 SYSTEMPATH\Boot.php(67): CodeIgniter\Boot::runCodeIgniter(Object(CodeIgniter\CodeIgniter))
 8 FCPATH\index.php(56): CodeIgniter\Boot::bootWeb(Object(Config\Paths))
CRITICAL - 2025-02-14 02:27:28 --> ErrorException: require_once(../../../wordpress/wp-load.php): Failed to open stream: No such file or directory
[Method: GET, Route: admin]
in APPPATH\Controllers\Login.php on line 19.
 1 APPPATH\Controllers\Login.php(19): CodeIgniter\Debug\Exceptions->errorHandler(2, 'require_once(../../../wordpress/wp-load.php): Failed to open stream: No such file or directory', 'C:\\xampp\\htdocs\\auction\\app\\Controllers\\Login.php', 19)
 2 APPPATH\Controllers\Login.php(19): require_once()
 3 SYSTEMPATH\CodeIgniter.php(933): App\Controllers\Login->index()
 4 SYSTEMPATH\CodeIgniter.php(507): CodeIgniter\CodeIgniter->runController(Object(App\Controllers\Login))
 5 SYSTEMPATH\CodeIgniter.php(354): CodeIgniter\CodeIgniter->handleRequest(null, Object(Config\Cache), false)
 6 SYSTEMPATH\Boot.php(334): CodeIgniter\CodeIgniter->run()
 7 SYSTEMPATH\Boot.php(67): CodeIgniter\Boot::runCodeIgniter(Object(CodeIgniter\CodeIgniter))
 8 FCPATH\index.php(56): CodeIgniter\Boot::bootWeb(Object(Config\Paths))
CRITICAL - 2025-02-14 02:27:28 --> ErrorException: require_once(../../../wordpress/wp-load.php): Failed to open stream: No such file or directory
[Method: GET, Route: admin]
in APPPATH\Controllers\Login.php on line 19.
 1 APPPATH\Controllers\Login.php(19): CodeIgniter\Debug\Exceptions->errorHandler(2, 'require_once(../../../wordpress/wp-load.php): Failed to open stream: No such file or directory', 'C:\\xampp\\htdocs\\auction\\app\\Controllers\\Login.php', 19)
 2 APPPATH\Controllers\Login.php(19): require_once()
 3 SYSTEMPATH\CodeIgniter.php(933): App\Controllers\Login->index()
 4 SYSTEMPATH\CodeIgniter.php(507): CodeIgniter\CodeIgniter->runController(Object(App\Controllers\Login))
 5 SYSTEMPATH\CodeIgniter.php(354): CodeIgniter\CodeIgniter->handleRequest(null, Object(Config\Cache), false)
 6 SYSTEMPATH\Boot.php(334): CodeIgniter\CodeIgniter->run()
 7 SYSTEMPATH\Boot.php(67): CodeIgniter\Boot::runCodeIgniter(Object(CodeIgniter\CodeIgniter))
 8 FCPATH\index.php(56): CodeIgniter\Boot::bootWeb(Object(Config\Paths))
CRITICAL - 2025-02-14 02:27:29 --> ErrorException: require_once(../../../wordpress/wp-load.php): Failed to open stream: No such file or directory
[Method: GET, Route: admin]
in APPPATH\Controllers\Login.php on line 19.
 1 APPPATH\Controllers\Login.php(19): CodeIgniter\Debug\Exceptions->errorHandler(2, 'require_once(../../../wordpress/wp-load.php): Failed to open stream: No such file or directory', 'C:\\xampp\\htdocs\\auction\\app\\Controllers\\Login.php', 19)
 2 APPPATH\Controllers\Login.php(19): require_once()
 3 SYSTEMPATH\CodeIgniter.php(933): App\Controllers\Login->index()
 4 SYSTEMPATH\CodeIgniter.php(507): CodeIgniter\CodeIgniter->runController(Object(App\Controllers\Login))
 5 SYSTEMPATH\CodeIgniter.php(354): CodeIgniter\CodeIgniter->handleRequest(null, Object(Config\Cache), false)
 6 SYSTEMPATH\Boot.php(334): CodeIgniter\CodeIgniter->run()
 7 SYSTEMPATH\Boot.php(67): CodeIgniter\Boot::runCodeIgniter(Object(CodeIgniter\CodeIgniter))
 8 FCPATH\index.php(56): CodeIgniter\Boot::bootWeb(Object(Config\Paths))
CRITICAL - 2025-02-14 02:27:29 --> ErrorException: require_once(../../../wordpress/wp-load.php): Failed to open stream: No such file or directory
[Method: GET, Route: admin]
in APPPATH\Controllers\Login.php on line 19.
 1 APPPATH\Controllers\Login.php(19): CodeIgniter\Debug\Exceptions->errorHandler(2, 'require_once(../../../wordpress/wp-load.php): Failed to open stream: No such file or directory', 'C:\\xampp\\htdocs\\auction\\app\\Controllers\\Login.php', 19)
 2 APPPATH\Controllers\Login.php(19): require_once()
 3 SYSTEMPATH\CodeIgniter.php(933): App\Controllers\Login->index()
 4 SYSTEMPATH\CodeIgniter.php(507): CodeIgniter\CodeIgniter->runController(Object(App\Controllers\Login))
 5 SYSTEMPATH\CodeIgniter.php(354): CodeIgniter\CodeIgniter->handleRequest(null, Object(Config\Cache), false)
 6 SYSTEMPATH\Boot.php(334): CodeIgniter\CodeIgniter->run()
 7 SYSTEMPATH\Boot.php(67): CodeIgniter\Boot::runCodeIgniter(Object(CodeIgniter\CodeIgniter))
 8 FCPATH\index.php(56): CodeIgniter\Boot::bootWeb(Object(Config\Paths))
CRITICAL - 2025-02-14 02:27:29 --> ErrorException: require_once(../../../wordpress/wp-load.php): Failed to open stream: No such file or directory
[Method: GET, Route: admin]
in APPPATH\Controllers\Login.php on line 19.
 1 APPPATH\Controllers\Login.php(19): CodeIgniter\Debug\Exceptions->errorHandler(2, 'require_once(../../../wordpress/wp-load.php): Failed to open stream: No such file or directory', 'C:\\xampp\\htdocs\\auction\\app\\Controllers\\Login.php', 19)
 2 APPPATH\Controllers\Login.php(19): require_once()
 3 SYSTEMPATH\CodeIgniter.php(933): App\Controllers\Login->index()
 4 SYSTEMPATH\CodeIgniter.php(507): CodeIgniter\CodeIgniter->runController(Object(App\Controllers\Login))
 5 SYSTEMPATH\CodeIgniter.php(354): CodeIgniter\CodeIgniter->handleRequest(null, Object(Config\Cache), false)
 6 SYSTEMPATH\Boot.php(334): CodeIgniter\CodeIgniter->run()
 7 SYSTEMPATH\Boot.php(67): CodeIgniter\Boot::runCodeIgniter(Object(CodeIgniter\CodeIgniter))
 8 FCPATH\index.php(56): CodeIgniter\Boot::bootWeb(Object(Config\Paths))
CRITICAL - 2025-02-14 02:27:29 --> ErrorException: require_once(../../../wordpress/wp-load.php): Failed to open stream: No such file or directory
[Method: GET, Route: admin]
in APPPATH\Controllers\Login.php on line 19.
 1 APPPATH\Controllers\Login.php(19): CodeIgniter\Debug\Exceptions->errorHandler(2, 'require_once(../../../wordpress/wp-load.php): Failed to open stream: No such file or directory', 'C:\\xampp\\htdocs\\auction\\app\\Controllers\\Login.php', 19)
 2 APPPATH\Controllers\Login.php(19): require_once()
 3 SYSTEMPATH\CodeIgniter.php(933): App\Controllers\Login->index()
 4 SYSTEMPATH\CodeIgniter.php(507): CodeIgniter\CodeIgniter->runController(Object(App\Controllers\Login))
 5 SYSTEMPATH\CodeIgniter.php(354): CodeIgniter\CodeIgniter->handleRequest(null, Object(Config\Cache), false)
 6 SYSTEMPATH\Boot.php(334): CodeIgniter\CodeIgniter->run()
 7 SYSTEMPATH\Boot.php(67): CodeIgniter\Boot::runCodeIgniter(Object(CodeIgniter\CodeIgniter))
 8 FCPATH\index.php(56): CodeIgniter\Boot::bootWeb(Object(Config\Paths))
CRITICAL - 2025-02-14 02:27:30 --> ErrorException: require_once(../../../wordpress/wp-load.php): Failed to open stream: No such file or directory
[Method: GET, Route: admin]
in APPPATH\Controllers\Login.php on line 19.
 1 APPPATH\Controllers\Login.php(19): CodeIgniter\Debug\Exceptions->errorHandler(2, 'require_once(../../../wordpress/wp-load.php): Failed to open stream: No such file or directory', 'C:\\xampp\\htdocs\\auction\\app\\Controllers\\Login.php', 19)
 2 APPPATH\Controllers\Login.php(19): require_once()
 3 SYSTEMPATH\CodeIgniter.php(933): App\Controllers\Login->index()
 4 SYSTEMPATH\CodeIgniter.php(507): CodeIgniter\CodeIgniter->runController(Object(App\Controllers\Login))
 5 SYSTEMPATH\CodeIgniter.php(354): CodeIgniter\CodeIgniter->handleRequest(null, Object(Config\Cache), false)
 6 SYSTEMPATH\Boot.php(334): CodeIgniter\CodeIgniter->run()
 7 SYSTEMPATH\Boot.php(67): CodeIgniter\Boot::runCodeIgniter(Object(CodeIgniter\CodeIgniter))
 8 FCPATH\index.php(56): CodeIgniter\Boot::bootWeb(Object(Config\Paths))
CRITICAL - 2025-02-14 02:27:38 --> ErrorException: require_once(.../../wordpress/wp-load.php): Failed to open stream: No such file or directory
[Method: GET, Route: admin]
in APPPATH\Controllers\Login.php on line 19.
 1 APPPATH\Controllers\Login.php(19): CodeIgniter\Debug\Exceptions->errorHandler(2, 'require_once(.../../wordpress/wp-load.php): Failed to open stream: No such file or directory', 'C:\\xampp\\htdocs\\auction\\app\\Controllers\\Login.php', 19)
 2 APPPATH\Controllers\Login.php(19): require_once()
 3 SYSTEMPATH\CodeIgniter.php(933): App\Controllers\Login->index()
 4 SYSTEMPATH\CodeIgniter.php(507): CodeIgniter\CodeIgniter->runController(Object(App\Controllers\Login))
 5 SYSTEMPATH\CodeIgniter.php(354): CodeIgniter\CodeIgniter->handleRequest(null, Object(Config\Cache), false)
 6 SYSTEMPATH\Boot.php(334): CodeIgniter\CodeIgniter->run()
 7 SYSTEMPATH\Boot.php(67): CodeIgniter\Boot::runCodeIgniter(Object(CodeIgniter\CodeIgniter))
 8 FCPATH\index.php(56): CodeIgniter\Boot::bootWeb(Object(Config\Paths))
CRITICAL - 2025-02-14 02:27:50 --> ErrorException: require_once(../../wordpress/wp-load.php): Failed to open stream: No such file or directory
[Method: GET, Route: admin]
in APPPATH\Controllers\Login.php on line 19.
 1 APPPATH\Controllers\Login.php(19): CodeIgniter\Debug\Exceptions->errorHandler(2, 'require_once(../../wordpress/wp-load.php): Failed to open stream: No such file or directory', 'C:\\xampp\\htdocs\\auction\\app\\Controllers\\Login.php', 19)
 2 APPPATH\Controllers\Login.php(19): require_once()
 3 SYSTEMPATH\CodeIgniter.php(933): App\Controllers\Login->index()
 4 SYSTEMPATH\CodeIgniter.php(507): CodeIgniter\CodeIgniter->runController(Object(App\Controllers\Login))
 5 SYSTEMPATH\CodeIgniter.php(354): CodeIgniter\CodeIgniter->handleRequest(null, Object(Config\Cache), false)
 6 SYSTEMPATH\Boot.php(334): CodeIgniter\CodeIgniter->run()
 7 SYSTEMPATH\Boot.php(67): CodeIgniter\Boot::runCodeIgniter(Object(CodeIgniter\CodeIgniter))
 8 FCPATH\index.php(56): CodeIgniter\Boot::bootWeb(Object(Config\Paths))
CRITICAL - 2025-02-14 02:27:56 --> ErrorException: Cannot redeclare site_url() (previously declared in C:\xampp\htdocs\auction\system\Helpers\url_helper.php:33)
[Method: GET, Route: admin]
in C:\xampp\htdocs\wordpress\wp-includes\link-template.php on line 3506.
 1 [internal function]: CodeIgniter\Debug\Exceptions->shutdownHandler()
CRITICAL - 2025-02-14 02:27:57 --> ErrorException: Cannot redeclare site_url() (previously declared in C:\xampp\htdocs\auction\system\Helpers\url_helper.php:33)
[Method: GET, Route: admin]
in C:\xampp\htdocs\wordpress\wp-includes\link-template.php on line 3506.
 1 [internal function]: CodeIgniter\Debug\Exceptions->shutdownHandler()
CRITICAL - 2025-02-14 02:27:57 --> ErrorException: Cannot redeclare site_url() (previously declared in C:\xampp\htdocs\auction\system\Helpers\url_helper.php:33)
[Method: GET, Route: admin]
in C:\xampp\htdocs\wordpress\wp-includes\link-template.php on line 3506.
 1 [internal function]: CodeIgniter\Debug\Exceptions->shutdownHandler()
CRITICAL - 2025-02-14 02:27:57 --> ErrorException: Cannot redeclare site_url() (previously declared in C:\xampp\htdocs\auction\system\Helpers\url_helper.php:33)
[Method: GET, Route: admin]
in C:\xampp\htdocs\wordpress\wp-includes\link-template.php on line 3506.
 1 [internal function]: CodeIgniter\Debug\Exceptions->shutdownHandler()
CRITICAL - 2025-02-14 02:27:57 --> ErrorException: Cannot redeclare site_url() (previously declared in C:\xampp\htdocs\auction\system\Helpers\url_helper.php:33)
[Method: GET, Route: admin]
in C:\xampp\htdocs\wordpress\wp-includes\link-template.php on line 3506.
 1 [internal function]: CodeIgniter\Debug\Exceptions->shutdownHandler()
CRITICAL - 2025-02-14 02:27:57 --> ErrorException: Cannot redeclare site_url() (previously declared in C:\xampp\htdocs\auction\system\Helpers\url_helper.php:33)
[Method: GET, Route: admin]
in C:\xampp\htdocs\wordpress\wp-includes\link-template.php on line 3506.
 1 [internal function]: CodeIgniter\Debug\Exceptions->shutdownHandler()
CRITICAL - 2025-02-14 02:27:58 --> ErrorException: Cannot redeclare site_url() (previously declared in C:\xampp\htdocs\auction\system\Helpers\url_helper.php:33)
[Method: GET, Route: admin]
in C:\xampp\htdocs\wordpress\wp-includes\link-template.php on line 3506.
 1 [internal function]: CodeIgniter\Debug\Exceptions->shutdownHandler()
CRITICAL - 2025-02-14 02:27:58 --> ErrorException: Cannot redeclare site_url() (previously declared in C:\xampp\htdocs\auction\system\Helpers\url_helper.php:33)
[Method: GET, Route: admin]
in C:\xampp\htdocs\wordpress\wp-includes\link-template.php on line 3506.
 1 [internal function]: CodeIgniter\Debug\Exceptions->shutdownHandler()
CRITICAL - 2025-02-14 02:29:35 --> ErrorException: Cannot redeclare site_url() (previously declared in C:\xampp\htdocs\auction\system\Helpers\url_helper.php:33)
[Method: GET, Route: admin]
in C:\xampp\htdocs\wordpress\wp-includes\link-template.php on line 3506.
 1 [internal function]: CodeIgniter\Debug\Exceptions->shutdownHandler()
CRITICAL - 2025-02-14 02:29:36 --> ErrorException: Cannot redeclare site_url() (previously declared in C:\xampp\htdocs\auction\system\Helpers\url_helper.php:33)
[Method: GET, Route: admin]
in C:\xampp\htdocs\wordpress\wp-includes\link-template.php on line 3506.
 1 [internal function]: CodeIgniter\Debug\Exceptions->shutdownHandler()
CRITICAL - 2025-02-14 02:29:36 --> ErrorException: Cannot redeclare site_url() (previously declared in C:\xampp\htdocs\auction\system\Helpers\url_helper.php:33)
[Method: GET, Route: admin]
in C:\xampp\htdocs\wordpress\wp-includes\link-template.php on line 3506.
 1 [internal function]: CodeIgniter\Debug\Exceptions->shutdownHandler()
CRITICAL - 2025-02-14 02:29:37 --> ErrorException: Cannot redeclare site_url() (previously declared in C:\xampp\htdocs\auction\system\Helpers\url_helper.php:33)
[Method: GET, Route: admin]
in C:\xampp\htdocs\wordpress\wp-includes\link-template.php on line 3506.
 1 [internal function]: CodeIgniter\Debug\Exceptions->shutdownHandler()
CRITICAL - 2025-02-14 02:29:37 --> ErrorException: Cannot redeclare site_url() (previously declared in C:\xampp\htdocs\auction\system\Helpers\url_helper.php:33)
[Method: GET, Route: admin]
in C:\xampp\htdocs\wordpress\wp-includes\link-template.php on line 3506.
 1 [internal function]: CodeIgniter\Debug\Exceptions->shutdownHandler()
CRITICAL - 2025-02-14 02:29:37 --> ErrorException: Cannot redeclare site_url() (previously declared in C:\xampp\htdocs\auction\system\Helpers\url_helper.php:33)
[Method: GET, Route: admin]
in C:\xampp\htdocs\wordpress\wp-includes\link-template.php on line 3506.
 1 [internal function]: CodeIgniter\Debug\Exceptions->shutdownHandler()
CRITICAL - 2025-02-14 02:29:56 --> ErrorException: Cannot redeclare site_url() (previously declared in C:\xampp\htdocs\auction\system\Helpers\url_helper.php:33)
[Method: GET, Route: admin]
in C:\xampp\htdocs\wordpress\wp-includes\link-template.php on line 3506.
 1 [internal function]: CodeIgniter\Debug\Exceptions->shutdownHandler()
CRITICAL - 2025-02-14 02:29:57 --> ErrorException: Cannot redeclare site_url() (previously declared in C:\xampp\htdocs\auction\system\Helpers\url_helper.php:33)
[Method: GET, Route: admin]
in C:\xampp\htdocs\wordpress\wp-includes\link-template.php on line 3506.
 1 [internal function]: CodeIgniter\Debug\Exceptions->shutdownHandler()
CRITICAL - 2025-02-14 02:29:57 --> ErrorException: Cannot redeclare site_url() (previously declared in C:\xampp\htdocs\auction\system\Helpers\url_helper.php:33)
[Method: GET, Route: admin]
in C:\xampp\htdocs\wordpress\wp-includes\link-template.php on line 3506.
 1 [internal function]: CodeIgniter\Debug\Exceptions->shutdownHandler()
CRITICAL - 2025-02-14 02:29:57 --> ErrorException: Cannot redeclare site_url() (previously declared in C:\xampp\htdocs\auction\system\Helpers\url_helper.php:33)
[Method: GET, Route: admin]
in C:\xampp\htdocs\wordpress\wp-includes\link-template.php on line 3506.
 1 [internal function]: CodeIgniter\Debug\Exceptions->shutdownHandler()
CRITICAL - 2025-02-14 02:29:58 --> ErrorException: Cannot redeclare site_url() (previously declared in C:\xampp\htdocs\auction\system\Helpers\url_helper.php:33)
[Method: GET, Route: admin]
in C:\xampp\htdocs\wordpress\wp-includes\link-template.php on line 3506.
 1 [internal function]: CodeIgniter\Debug\Exceptions->shutdownHandler()
CRITICAL - 2025-02-14 02:29:58 --> ErrorException: Cannot redeclare site_url() (previously declared in C:\xampp\htdocs\auction\system\Helpers\url_helper.php:33)
[Method: GET, Route: admin]
in C:\xampp\htdocs\wordpress\wp-includes\link-template.php on line 3506.
 1 [internal function]: CodeIgniter\Debug\Exceptions->shutdownHandler()
CRITICAL - 2025-02-14 02:29:59 --> ErrorException: Cannot redeclare site_url() (previously declared in C:\xampp\htdocs\auction\system\Helpers\url_helper.php:33)
[Method: GET, Route: admin]
in C:\xampp\htdocs\wordpress\wp-includes\link-template.php on line 3506.
 1 [internal function]: CodeIgniter\Debug\Exceptions->shutdownHandler()
CRITICAL - 2025-02-14 02:32:01 --> ErrorException: Cannot redeclare site_url() (previously declared in C:\xampp\htdocs\auction\system\Helpers\url_helper.php:33)
[Method: GET, Route: admin]
in C:\xampp\htdocs\wordpress\wp-includes\link-template.php on line 3506.
 1 [internal function]: CodeIgniter\Debug\Exceptions->shutdownHandler()
CRITICAL - 2025-02-14 02:33:36 --> ErrorException: Cannot redeclare site_url() (previously declared in C:\xampp\htdocs\auction\system\Helpers\url_helper.php:33)
[Method: GET, Route: admin]
in C:\xampp\htdocs\wordpress\wp-includes\link-template.php on line 3506.
 1 [internal function]: CodeIgniter\Debug\Exceptions->shutdownHandler()
CRITICAL - 2025-02-14 02:33:37 --> ErrorException: Cannot redeclare site_url() (previously declared in C:\xampp\htdocs\auction\system\Helpers\url_helper.php:33)
[Method: GET, Route: admin]
in C:\xampp\htdocs\wordpress\wp-includes\link-template.php on line 3506.
 1 [internal function]: CodeIgniter\Debug\Exceptions->shutdownHandler()
CRITICAL - 2025-02-14 02:33:37 --> ErrorException: Cannot redeclare site_url() (previously declared in C:\xampp\htdocs\auction\system\Helpers\url_helper.php:33)
[Method: GET, Route: admin]
in C:\xampp\htdocs\wordpress\wp-includes\link-template.php on line 3506.
 1 [internal function]: CodeIgniter\Debug\Exceptions->shutdownHandler()
CRITICAL - 2025-02-14 02:33:37 --> ErrorException: Cannot redeclare site_url() (previously declared in C:\xampp\htdocs\auction\system\Helpers\url_helper.php:33)
[Method: GET, Route: admin]
in C:\xampp\htdocs\wordpress\wp-includes\link-template.php on line 3506.
 1 [internal function]: CodeIgniter\Debug\Exceptions->shutdownHandler()
CRITICAL - 2025-02-14 02:33:37 --> ErrorException: Cannot redeclare site_url() (previously declared in C:\xampp\htdocs\auction\system\Helpers\url_helper.php:33)
[Method: GET, Route: admin]
in C:\xampp\htdocs\wordpress\wp-includes\link-template.php on line 3506.
 1 [internal function]: CodeIgniter\Debug\Exceptions->shutdownHandler()
CRITICAL - 2025-02-14 02:33:38 --> ErrorException: Cannot redeclare site_url() (previously declared in C:\xampp\htdocs\auction\system\Helpers\url_helper.php:33)
[Method: GET, Route: admin]
in C:\xampp\htdocs\wordpress\wp-includes\link-template.php on line 3506.
 1 [internal function]: CodeIgniter\Debug\Exceptions->shutdownHandler()
CRITICAL - 2025-02-14 02:33:38 --> ErrorException: Cannot redeclare site_url() (previously declared in C:\xampp\htdocs\auction\system\Helpers\url_helper.php:33)
[Method: GET, Route: admin]
in C:\xampp\htdocs\wordpress\wp-includes\link-template.php on line 3506.
 1 [internal function]: CodeIgniter\Debug\Exceptions->shutdownHandler()
CRITICAL - 2025-02-14 02:34:18 --> ErrorException: Cannot redeclare site_url() (previously declared in C:\xampp\htdocs\auction\system\Helpers\url_helper.php:44)
[Method: GET, Route: admin]
in C:\xampp\htdocs\wordpress\wp-includes\link-template.php on line 3506.
 1 [internal function]: CodeIgniter\Debug\Exceptions->shutdownHandler()
CRITICAL - 2025-02-14 02:34:19 --> ErrorException: Cannot redeclare site_url() (previously declared in C:\xampp\htdocs\auction\system\Helpers\url_helper.php:44)
[Method: GET, Route: admin]
in C:\xampp\htdocs\wordpress\wp-includes\link-template.php on line 3506.
 1 [internal function]: CodeIgniter\Debug\Exceptions->shutdownHandler()
CRITICAL - 2025-02-14 02:34:19 --> ErrorException: Cannot redeclare site_url() (previously declared in C:\xampp\htdocs\auction\system\Helpers\url_helper.php:44)
[Method: GET, Route: admin]
in C:\xampp\htdocs\wordpress\wp-includes\link-template.php on line 3506.
 1 [internal function]: CodeIgniter\Debug\Exceptions->shutdownHandler()
CRITICAL - 2025-02-14 02:34:19 --> ErrorException: Cannot redeclare site_url() (previously declared in C:\xampp\htdocs\auction\system\Helpers\url_helper.php:44)
[Method: GET, Route: admin]
in C:\xampp\htdocs\wordpress\wp-includes\link-template.php on line 3506.
 1 [internal function]: CodeIgniter\Debug\Exceptions->shutdownHandler()
CRITICAL - 2025-02-14 02:34:19 --> ErrorException: Cannot redeclare site_url() (previously declared in C:\xampp\htdocs\auction\system\Helpers\url_helper.php:44)
[Method: GET, Route: admin]
in C:\xampp\htdocs\wordpress\wp-includes\link-template.php on line 3506.
 1 [internal function]: CodeIgniter\Debug\Exceptions->shutdownHandler()
CRITICAL - 2025-02-14 02:34:19 --> ErrorException: Cannot redeclare site_url() (previously declared in C:\xampp\htdocs\auction\system\Helpers\url_helper.php:44)
[Method: GET, Route: admin]
in C:\xampp\htdocs\wordpress\wp-includes\link-template.php on line 3506.
 1 [internal function]: CodeIgniter\Debug\Exceptions->shutdownHandler()
CRITICAL - 2025-02-14 02:34:19 --> ErrorException: Cannot redeclare site_url() (previously declared in C:\xampp\htdocs\auction\system\Helpers\url_helper.php:44)
[Method: GET, Route: admin]
in C:\xampp\htdocs\wordpress\wp-includes\link-template.php on line 3506.
 1 [internal function]: CodeIgniter\Debug\Exceptions->shutdownHandler()
CRITICAL - 2025-02-14 02:34:20 --> ErrorException: Cannot redeclare site_url() (previously declared in C:\xampp\htdocs\auction\system\Helpers\url_helper.php:44)
[Method: GET, Route: admin]
in C:\xampp\htdocs\wordpress\wp-includes\link-template.php on line 3506.
 1 [internal function]: CodeIgniter\Debug\Exceptions->shutdownHandler()
CRITICAL - 2025-02-14 02:34:21 --> ErrorException: Cannot redeclare site_url() (previously declared in C:\xampp\htdocs\auction\system\Helpers\url_helper.php:44)
[Method: GET, Route: admin]
in C:\xampp\htdocs\wordpress\wp-includes\link-template.php on line 3506.
 1 [internal function]: CodeIgniter\Debug\Exceptions->shutdownHandler()
CRITICAL - 2025-02-14 02:34:25 --> ErrorException: Cannot redeclare site_url() (previously declared in C:\xampp\htdocs\auction\system\Helpers\url_helper.php:44)
[Method: GET, Route: admin]
in C:\xampp\htdocs\wordpress\wp-includes\link-template.php on line 3506.
 1 [internal function]: CodeIgniter\Debug\Exceptions->shutdownHandler()
CRITICAL - 2025-02-14 02:34:40 --> TypeError: App\Controllers\Login::index(): Return value must be of type string, none returned
[Method: GET, Route: admin]
in APPPATH\Controllers\Login.php on line 32.
 1 SYSTEMPATH\CodeIgniter.php(933): App\Controllers\Login->index()
 2 SYSTEMPATH\CodeIgniter.php(507): CodeIgniter\CodeIgniter->runController(Object(App\Controllers\Login))
 3 SYSTEMPATH\CodeIgniter.php(354): CodeIgniter\CodeIgniter->handleRequest(null, Object(Config\Cache), false)
 4 SYSTEMPATH\Boot.php(334): CodeIgniter\CodeIgniter->run()
 5 SYSTEMPATH\Boot.php(67): CodeIgniter\Boot::runCodeIgniter(Object(CodeIgniter\CodeIgniter))
 6 FCPATH\index.php(56): CodeIgniter\Boot::bootWeb(Object(Config\Paths))
CRITICAL - 2025-02-14 02:34:41 --> TypeError: App\Controllers\Login::index(): Return value must be of type string, none returned
[Method: GET, Route: admin]
in APPPATH\Controllers\Login.php on line 32.
 1 SYSTEMPATH\CodeIgniter.php(933): App\Controllers\Login->index()
 2 SYSTEMPATH\CodeIgniter.php(507): CodeIgniter\CodeIgniter->runController(Object(App\Controllers\Login))
 3 SYSTEMPATH\CodeIgniter.php(354): CodeIgniter\CodeIgniter->handleRequest(null, Object(Config\Cache), false)
 4 SYSTEMPATH\Boot.php(334): CodeIgniter\CodeIgniter->run()
 5 SYSTEMPATH\Boot.php(67): CodeIgniter\Boot::runCodeIgniter(Object(CodeIgniter\CodeIgniter))
 6 FCPATH\index.php(56): CodeIgniter\Boot::bootWeb(Object(Config\Paths))
CRITICAL - 2025-02-14 02:34:41 --> TypeError: App\Controllers\Login::index(): Return value must be of type string, none returned
[Method: GET, Route: admin]
in APPPATH\Controllers\Login.php on line 32.
 1 SYSTEMPATH\CodeIgniter.php(933): App\Controllers\Login->index()
 2 SYSTEMPATH\CodeIgniter.php(507): CodeIgniter\CodeIgniter->runController(Object(App\Controllers\Login))
 3 SYSTEMPATH\CodeIgniter.php(354): CodeIgniter\CodeIgniter->handleRequest(null, Object(Config\Cache), false)
 4 SYSTEMPATH\Boot.php(334): CodeIgniter\CodeIgniter->run()
 5 SYSTEMPATH\Boot.php(67): CodeIgniter\Boot::runCodeIgniter(Object(CodeIgniter\CodeIgniter))
 6 FCPATH\index.php(56): CodeIgniter\Boot::bootWeb(Object(Config\Paths))
CRITICAL - 2025-02-14 02:34:42 --> TypeError: App\Controllers\Login::index(): Return value must be of type string, none returned
[Method: GET, Route: admin]
in APPPATH\Controllers\Login.php on line 32.
 1 SYSTEMPATH\CodeIgniter.php(933): App\Controllers\Login->index()
 2 SYSTEMPATH\CodeIgniter.php(507): CodeIgniter\CodeIgniter->runController(Object(App\Controllers\Login))
 3 SYSTEMPATH\CodeIgniter.php(354): CodeIgniter\CodeIgniter->handleRequest(null, Object(Config\Cache), false)
 4 SYSTEMPATH\Boot.php(334): CodeIgniter\CodeIgniter->run()
 5 SYSTEMPATH\Boot.php(67): CodeIgniter\Boot::runCodeIgniter(Object(CodeIgniter\CodeIgniter))
 6 FCPATH\index.php(56): CodeIgniter\Boot::bootWeb(Object(Config\Paths))
CRITICAL - 2025-02-14 02:35:36 --> ErrorException: Cannot redeclare site_url() (previously declared in C:\xampp\htdocs\auction\system\Helpers\url_helper.php:39)
[Method: GET, Route: admin]
in C:\xampp\htdocs\wordpress\wp-includes\link-template.php on line 3506.
 1 [internal function]: CodeIgniter\Debug\Exceptions->shutdownHandler()
CRITICAL - 2025-02-14 02:35:36 --> ErrorException: Cannot redeclare site_url() (previously declared in C:\xampp\htdocs\auction\system\Helpers\url_helper.php:39)
[Method: GET, Route: admin]
in C:\xampp\htdocs\wordpress\wp-includes\link-template.php on line 3506.
 1 [internal function]: CodeIgniter\Debug\Exceptions->shutdownHandler()
CRITICAL - 2025-02-14 02:35:37 --> ErrorException: Cannot redeclare site_url() (previously declared in C:\xampp\htdocs\auction\system\Helpers\url_helper.php:39)
[Method: GET, Route: admin]
in C:\xampp\htdocs\wordpress\wp-includes\link-template.php on line 3506.
 1 [internal function]: CodeIgniter\Debug\Exceptions->shutdownHandler()
CRITICAL - 2025-02-14 02:35:37 --> ErrorException: Cannot redeclare site_url() (previously declared in C:\xampp\htdocs\auction\system\Helpers\url_helper.php:39)
[Method: GET, Route: admin]
in C:\xampp\htdocs\wordpress\wp-includes\link-template.php on line 3506.
 1 [internal function]: CodeIgniter\Debug\Exceptions->shutdownHandler()
CRITICAL - 2025-02-14 02:35:37 --> ErrorException: Cannot redeclare site_url() (previously declared in C:\xampp\htdocs\auction\system\Helpers\url_helper.php:39)
[Method: GET, Route: admin]
in C:\xampp\htdocs\wordpress\wp-includes\link-template.php on line 3506.
 1 [internal function]: CodeIgniter\Debug\Exceptions->shutdownHandler()
CRITICAL - 2025-02-14 02:35:37 --> ErrorException: Cannot redeclare site_url() (previously declared in C:\xampp\htdocs\auction\system\Helpers\url_helper.php:39)
[Method: GET, Route: admin]
in C:\xampp\htdocs\wordpress\wp-includes\link-template.php on line 3506.
 1 [internal function]: CodeIgniter\Debug\Exceptions->shutdownHandler()
CRITICAL - 2025-02-14 02:35:37 --> ErrorException: Cannot redeclare site_url() (previously declared in C:\xampp\htdocs\auction\system\Helpers\url_helper.php:39)
[Method: GET, Route: admin]
in C:\xampp\htdocs\wordpress\wp-includes\link-template.php on line 3506.
 1 [internal function]: CodeIgniter\Debug\Exceptions->shutdownHandler()
CRITICAL - 2025-02-14 02:35:38 --> ErrorException: Cannot redeclare site_url() (previously declared in C:\xampp\htdocs\auction\system\Helpers\url_helper.php:39)
[Method: GET, Route: admin]
in C:\xampp\htdocs\wordpress\wp-includes\link-template.php on line 3506.
 1 [internal function]: CodeIgniter\Debug\Exceptions->shutdownHandler()
CRITICAL - 2025-02-14 02:35:38 --> ErrorException: Cannot redeclare site_url() (previously declared in C:\xampp\htdocs\auction\system\Helpers\url_helper.php:39)
[Method: GET, Route: admin]
in C:\xampp\htdocs\wordpress\wp-includes\link-template.php on line 3506.
 1 [internal function]: CodeIgniter\Debug\Exceptions->shutdownHandler()
CRITICAL - 2025-02-14 02:35:38 --> ErrorException: Cannot redeclare site_url() (previously declared in C:\xampp\htdocs\auction\system\Helpers\url_helper.php:39)
[Method: GET, Route: admin]
in C:\xampp\htdocs\wordpress\wp-includes\link-template.php on line 3506.
 1 [internal function]: CodeIgniter\Debug\Exceptions->shutdownHandler()
CRITICAL - 2025-02-14 02:35:38 --> ErrorException: Cannot redeclare site_url() (previously declared in C:\xampp\htdocs\auction\system\Helpers\url_helper.php:39)
[Method: GET, Route: admin]
in C:\xampp\htdocs\wordpress\wp-includes\link-template.php on line 3506.
 1 [internal function]: CodeIgniter\Debug\Exceptions->shutdownHandler()
CRITICAL - 2025-02-14 02:35:38 --> ErrorException: Cannot redeclare site_url() (previously declared in C:\xampp\htdocs\auction\system\Helpers\url_helper.php:39)
[Method: GET, Route: admin]
in C:\xampp\htdocs\wordpress\wp-includes\link-template.php on line 3506.
 1 [internal function]: CodeIgniter\Debug\Exceptions->shutdownHandler()
CRITICAL - 2025-02-14 02:35:38 --> ErrorException: Cannot redeclare site_url() (previously declared in C:\xampp\htdocs\auction\system\Helpers\url_helper.php:39)
[Method: GET, Route: admin]
in C:\xampp\htdocs\wordpress\wp-includes\link-template.php on line 3506.
 1 [internal function]: CodeIgniter\Debug\Exceptions->shutdownHandler()
CRITICAL - 2025-02-14 02:35:39 --> ErrorException: Cannot redeclare site_url() (previously declared in C:\xampp\htdocs\auction\system\Helpers\url_helper.php:39)
[Method: GET, Route: admin]
in C:\xampp\htdocs\wordpress\wp-includes\link-template.php on line 3506.
 1 [internal function]: CodeIgniter\Debug\Exceptions->shutdownHandler()
CRITICAL - 2025-02-14 02:35:39 --> ErrorException: Cannot redeclare site_url() (previously declared in C:\xampp\htdocs\auction\system\Helpers\url_helper.php:39)
[Method: GET, Route: admin]
in C:\xampp\htdocs\wordpress\wp-includes\link-template.php on line 3506.
 1 [internal function]: CodeIgniter\Debug\Exceptions->shutdownHandler()
CRITICAL - 2025-02-14 02:35:39 --> ErrorException: Cannot redeclare site_url() (previously declared in C:\xampp\htdocs\auction\system\Helpers\url_helper.php:39)
[Method: GET, Route: admin]
in C:\xampp\htdocs\wordpress\wp-includes\link-template.php on line 3506.
 1 [internal function]: CodeIgniter\Debug\Exceptions->shutdownHandler()
CRITICAL - 2025-02-14 02:35:39 --> ErrorException: Cannot redeclare site_url() (previously declared in C:\xampp\htdocs\auction\system\Helpers\url_helper.php:39)
[Method: GET, Route: admin]
in C:\xampp\htdocs\wordpress\wp-includes\link-template.php on line 3506.
 1 [internal function]: CodeIgniter\Debug\Exceptions->shutdownHandler()
CRITICAL - 2025-02-14 02:35:39 --> ErrorException: Cannot redeclare site_url() (previously declared in C:\xampp\htdocs\auction\system\Helpers\url_helper.php:39)
[Method: GET, Route: admin]
in C:\xampp\htdocs\wordpress\wp-includes\link-template.php on line 3506.
 1 [internal function]: CodeIgniter\Debug\Exceptions->shutdownHandler()
CRITICAL - 2025-02-14 02:35:39 --> ErrorException: Cannot redeclare site_url() (previously declared in C:\xampp\htdocs\auction\system\Helpers\url_helper.php:39)
[Method: GET, Route: admin]
in C:\xampp\htdocs\wordpress\wp-includes\link-template.php on line 3506.
 1 [internal function]: CodeIgniter\Debug\Exceptions->shutdownHandler()
CRITICAL - 2025-02-14 02:35:59 --> ErrorException: require(../../wordpress/wp-load.php): Failed to open stream: No such file or directory
[Method: GET, Route: admin]
in APPPATH\Controllers\Login.php on line 19.
 1 APPPATH\Controllers\Login.php(19): CodeIgniter\Debug\Exceptions->errorHandler(2, 'require(../../wordpress/wp-load.php): Failed to open stream: No such file or directory', 'C:\\xampp\\htdocs\\auction\\app\\Controllers\\Login.php', 19)
 2 APPPATH\Controllers\Login.php(19): require()
 3 SYSTEMPATH\CodeIgniter.php(933): App\Controllers\Login->index()
 4 SYSTEMPATH\CodeIgniter.php(507): CodeIgniter\CodeIgniter->runController(Object(App\Controllers\Login))
 5 SYSTEMPATH\CodeIgniter.php(354): CodeIgniter\CodeIgniter->handleRequest(null, Object(Config\Cache), false)
 6 SYSTEMPATH\Boot.php(334): CodeIgniter\CodeIgniter->run()
 7 SYSTEMPATH\Boot.php(67): CodeIgniter\Boot::runCodeIgniter(Object(CodeIgniter\CodeIgniter))
 8 FCPATH\index.php(56): CodeIgniter\Boot::bootWeb(Object(Config\Paths))
CRITICAL - 2025-02-14 02:35:59 --> ErrorException: require(../../wordpress/wp-load.php): Failed to open stream: No such file or directory
[Method: GET, Route: admin]
in APPPATH\Controllers\Login.php on line 19.
 1 APPPATH\Controllers\Login.php(19): CodeIgniter\Debug\Exceptions->errorHandler(2, 'require(../../wordpress/wp-load.php): Failed to open stream: No such file or directory', 'C:\\xampp\\htdocs\\auction\\app\\Controllers\\Login.php', 19)
 2 APPPATH\Controllers\Login.php(19): require()
 3 SYSTEMPATH\CodeIgniter.php(933): App\Controllers\Login->index()
 4 SYSTEMPATH\CodeIgniter.php(507): CodeIgniter\CodeIgniter->runController(Object(App\Controllers\Login))
 5 SYSTEMPATH\CodeIgniter.php(354): CodeIgniter\CodeIgniter->handleRequest(null, Object(Config\Cache), false)
 6 SYSTEMPATH\Boot.php(334): CodeIgniter\CodeIgniter->run()
 7 SYSTEMPATH\Boot.php(67): CodeIgniter\Boot::runCodeIgniter(Object(CodeIgniter\CodeIgniter))
 8 FCPATH\index.php(56): CodeIgniter\Boot::bootWeb(Object(Config\Paths))
CRITICAL - 2025-02-14 02:36:00 --> ErrorException: require(../../wordpress/wp-load.php): Failed to open stream: No such file or directory
[Method: GET, Route: admin]
in APPPATH\Controllers\Login.php on line 19.
 1 APPPATH\Controllers\Login.php(19): CodeIgniter\Debug\Exceptions->errorHandler(2, 'require(../../wordpress/wp-load.php): Failed to open stream: No such file or directory', 'C:\\xampp\\htdocs\\auction\\app\\Controllers\\Login.php', 19)
 2 APPPATH\Controllers\Login.php(19): require()
 3 SYSTEMPATH\CodeIgniter.php(933): App\Controllers\Login->index()
 4 SYSTEMPATH\CodeIgniter.php(507): CodeIgniter\CodeIgniter->runController(Object(App\Controllers\Login))
 5 SYSTEMPATH\CodeIgniter.php(354): CodeIgniter\CodeIgniter->handleRequest(null, Object(Config\Cache), false)
 6 SYSTEMPATH\Boot.php(334): CodeIgniter\CodeIgniter->run()
 7 SYSTEMPATH\Boot.php(67): CodeIgniter\Boot::runCodeIgniter(Object(CodeIgniter\CodeIgniter))
 8 FCPATH\index.php(56): CodeIgniter\Boot::bootWeb(Object(Config\Paths))
CRITICAL - 2025-02-14 02:36:00 --> ErrorException: require(../../wordpress/wp-load.php): Failed to open stream: No such file or directory
[Method: GET, Route: admin]
in APPPATH\Controllers\Login.php on line 19.
 1 APPPATH\Controllers\Login.php(19): CodeIgniter\Debug\Exceptions->errorHandler(2, 'require(../../wordpress/wp-load.php): Failed to open stream: No such file or directory', 'C:\\xampp\\htdocs\\auction\\app\\Controllers\\Login.php', 19)
 2 APPPATH\Controllers\Login.php(19): require()
 3 SYSTEMPATH\CodeIgniter.php(933): App\Controllers\Login->index()
 4 SYSTEMPATH\CodeIgniter.php(507): CodeIgniter\CodeIgniter->runController(Object(App\Controllers\Login))
 5 SYSTEMPATH\CodeIgniter.php(354): CodeIgniter\CodeIgniter->handleRequest(null, Object(Config\Cache), false)
 6 SYSTEMPATH\Boot.php(334): CodeIgniter\CodeIgniter->run()
 7 SYSTEMPATH\Boot.php(67): CodeIgniter\Boot::runCodeIgniter(Object(CodeIgniter\CodeIgniter))
 8 FCPATH\index.php(56): CodeIgniter\Boot::bootWeb(Object(Config\Paths))
CRITICAL - 2025-02-14 02:36:00 --> ErrorException: require(../../wordpress/wp-load.php): Failed to open stream: No such file or directory
[Method: GET, Route: admin]
in APPPATH\Controllers\Login.php on line 19.
 1 APPPATH\Controllers\Login.php(19): CodeIgniter\Debug\Exceptions->errorHandler(2, 'require(../../wordpress/wp-load.php): Failed to open stream: No such file or directory', 'C:\\xampp\\htdocs\\auction\\app\\Controllers\\Login.php', 19)
 2 APPPATH\Controllers\Login.php(19): require()
 3 SYSTEMPATH\CodeIgniter.php(933): App\Controllers\Login->index()
 4 SYSTEMPATH\CodeIgniter.php(507): CodeIgniter\CodeIgniter->runController(Object(App\Controllers\Login))
 5 SYSTEMPATH\CodeIgniter.php(354): CodeIgniter\CodeIgniter->handleRequest(null, Object(Config\Cache), false)
 6 SYSTEMPATH\Boot.php(334): CodeIgniter\CodeIgniter->run()
 7 SYSTEMPATH\Boot.php(67): CodeIgniter\Boot::runCodeIgniter(Object(CodeIgniter\CodeIgniter))
 8 FCPATH\index.php(56): CodeIgniter\Boot::bootWeb(Object(Config\Paths))
CRITICAL - 2025-02-14 02:36:09 --> TypeError: App\Controllers\Login::index(): Return value must be of type string, none returned
[Method: GET, Route: admin]
in APPPATH\Controllers\Login.php on line 32.
 1 SYSTEMPATH\CodeIgniter.php(933): App\Controllers\Login->index()
 2 SYSTEMPATH\CodeIgniter.php(507): CodeIgniter\CodeIgniter->runController(Object(App\Controllers\Login))
 3 SYSTEMPATH\CodeIgniter.php(354): CodeIgniter\CodeIgniter->handleRequest(null, Object(Config\Cache), false)
 4 SYSTEMPATH\Boot.php(334): CodeIgniter\CodeIgniter->run()
 5 SYSTEMPATH\Boot.php(67): CodeIgniter\Boot::runCodeIgniter(Object(CodeIgniter\CodeIgniter))
 6 FCPATH\index.php(56): CodeIgniter\Boot::bootWeb(Object(Config\Paths))
CRITICAL - 2025-02-14 02:36:10 --> TypeError: App\Controllers\Login::index(): Return value must be of type string, none returned
[Method: GET, Route: admin]
in APPPATH\Controllers\Login.php on line 32.
 1 SYSTEMPATH\CodeIgniter.php(933): App\Controllers\Login->index()
 2 SYSTEMPATH\CodeIgniter.php(507): CodeIgniter\CodeIgniter->runController(Object(App\Controllers\Login))
 3 SYSTEMPATH\CodeIgniter.php(354): CodeIgniter\CodeIgniter->handleRequest(null, Object(Config\Cache), false)
 4 SYSTEMPATH\Boot.php(334): CodeIgniter\CodeIgniter->run()
 5 SYSTEMPATH\Boot.php(67): CodeIgniter\Boot::runCodeIgniter(Object(CodeIgniter\CodeIgniter))
 6 FCPATH\index.php(56): CodeIgniter\Boot::bootWeb(Object(Config\Paths))
CRITICAL - 2025-02-14 02:36:10 --> TypeError: App\Controllers\Login::index(): Return value must be of type string, none returned
[Method: GET, Route: admin]
in APPPATH\Controllers\Login.php on line 32.
 1 SYSTEMPATH\CodeIgniter.php(933): App\Controllers\Login->index()
 2 SYSTEMPATH\CodeIgniter.php(507): CodeIgniter\CodeIgniter->runController(Object(App\Controllers\Login))
 3 SYSTEMPATH\CodeIgniter.php(354): CodeIgniter\CodeIgniter->handleRequest(null, Object(Config\Cache), false)
 4 SYSTEMPATH\Boot.php(334): CodeIgniter\CodeIgniter->run()
 5 SYSTEMPATH\Boot.php(67): CodeIgniter\Boot::runCodeIgniter(Object(CodeIgniter\CodeIgniter))
 6 FCPATH\index.php(56): CodeIgniter\Boot::bootWeb(Object(Config\Paths))
CRITICAL - 2025-02-14 02:36:11 --> TypeError: App\Controllers\Login::index(): Return value must be of type string, none returned
[Method: GET, Route: admin]
in APPPATH\Controllers\Login.php on line 32.
 1 SYSTEMPATH\CodeIgniter.php(933): App\Controllers\Login->index()
 2 SYSTEMPATH\CodeIgniter.php(507): CodeIgniter\CodeIgniter->runController(Object(App\Controllers\Login))
 3 SYSTEMPATH\CodeIgniter.php(354): CodeIgniter\CodeIgniter->handleRequest(null, Object(Config\Cache), false)
 4 SYSTEMPATH\Boot.php(334): CodeIgniter\CodeIgniter->run()
 5 SYSTEMPATH\Boot.php(67): CodeIgniter\Boot::runCodeIgniter(Object(CodeIgniter\CodeIgniter))
 6 FCPATH\index.php(56): CodeIgniter\Boot::bootWeb(Object(Config\Paths))
CRITICAL - 2025-02-14 02:36:11 --> TypeError: App\Controllers\Login::index(): Return value must be of type string, none returned
[Method: GET, Route: admin]
in APPPATH\Controllers\Login.php on line 32.
 1 SYSTEMPATH\CodeIgniter.php(933): App\Controllers\Login->index()
 2 SYSTEMPATH\CodeIgniter.php(507): CodeIgniter\CodeIgniter->runController(Object(App\Controllers\Login))
 3 SYSTEMPATH\CodeIgniter.php(354): CodeIgniter\CodeIgniter->handleRequest(null, Object(Config\Cache), false)
 4 SYSTEMPATH\Boot.php(334): CodeIgniter\CodeIgniter->run()
 5 SYSTEMPATH\Boot.php(67): CodeIgniter\Boot::runCodeIgniter(Object(CodeIgniter\CodeIgniter))
 6 FCPATH\index.php(56): CodeIgniter\Boot::bootWeb(Object(Config\Paths))
CRITICAL - 2025-02-14 02:36:11 --> TypeError: App\Controllers\Login::index(): Return value must be of type string, none returned
[Method: GET, Route: admin]
in APPPATH\Controllers\Login.php on line 32.
 1 SYSTEMPATH\CodeIgniter.php(933): App\Controllers\Login->index()
 2 SYSTEMPATH\CodeIgniter.php(507): CodeIgniter\CodeIgniter->runController(Object(App\Controllers\Login))
 3 SYSTEMPATH\CodeIgniter.php(354): CodeIgniter\CodeIgniter->handleRequest(null, Object(Config\Cache), false)
 4 SYSTEMPATH\Boot.php(334): CodeIgniter\CodeIgniter->run()
 5 SYSTEMPATH\Boot.php(67): CodeIgniter\Boot::runCodeIgniter(Object(CodeIgniter\CodeIgniter))
 6 FCPATH\index.php(56): CodeIgniter\Boot::bootWeb(Object(Config\Paths))
CRITICAL - 2025-02-14 02:36:12 --> TypeError: App\Controllers\Login::index(): Return value must be of type string, none returned
[Method: GET, Route: admin]
in APPPATH\Controllers\Login.php on line 32.
 1 SYSTEMPATH\CodeIgniter.php(933): App\Controllers\Login->index()
 2 SYSTEMPATH\CodeIgniter.php(507): CodeIgniter\CodeIgniter->runController(Object(App\Controllers\Login))
 3 SYSTEMPATH\CodeIgniter.php(354): CodeIgniter\CodeIgniter->handleRequest(null, Object(Config\Cache), false)
 4 SYSTEMPATH\Boot.php(334): CodeIgniter\CodeIgniter->run()
 5 SYSTEMPATH\Boot.php(67): CodeIgniter\Boot::runCodeIgniter(Object(CodeIgniter\CodeIgniter))
 6 FCPATH\index.php(56): CodeIgniter\Boot::bootWeb(Object(Config\Paths))
CRITICAL - 2025-02-14 02:36:27 --> ErrorException: require_once(../../wordpress/wp-load.php): Failed to open stream: No such file or directory
[Method: GET, Route: admin]
in APPPATH\Controllers\Login.php on line 19.
 1 APPPATH\Controllers\Login.php(19): CodeIgniter\Debug\Exceptions->errorHandler(2, 'require_once(../../wordpress/wp-load.php): Failed to open stream: No such file or directory', 'C:\\xampp\\htdocs\\auction\\app\\Controllers\\Login.php', 19)
 2 APPPATH\Controllers\Login.php(19): require_once()
 3 SYSTEMPATH\CodeIgniter.php(933): App\Controllers\Login->index()
 4 SYSTEMPATH\CodeIgniter.php(507): CodeIgniter\CodeIgniter->runController(Object(App\Controllers\Login))
 5 SYSTEMPATH\CodeIgniter.php(354): CodeIgniter\CodeIgniter->handleRequest(null, Object(Config\Cache), false)
 6 SYSTEMPATH\Boot.php(334): CodeIgniter\CodeIgniter->run()
 7 SYSTEMPATH\Boot.php(67): CodeIgniter\Boot::runCodeIgniter(Object(CodeIgniter\CodeIgniter))
 8 FCPATH\index.php(56): CodeIgniter\Boot::bootWeb(Object(Config\Paths))
CRITICAL - 2025-02-14 02:36:28 --> ErrorException: require_once(../../wordpress/wp-load.php): Failed to open stream: No such file or directory
[Method: GET, Route: admin]
in APPPATH\Controllers\Login.php on line 19.
 1 APPPATH\Controllers\Login.php(19): CodeIgniter\Debug\Exceptions->errorHandler(2, 'require_once(../../wordpress/wp-load.php): Failed to open stream: No such file or directory', 'C:\\xampp\\htdocs\\auction\\app\\Controllers\\Login.php', 19)
 2 APPPATH\Controllers\Login.php(19): require_once()
 3 SYSTEMPATH\CodeIgniter.php(933): App\Controllers\Login->index()
 4 SYSTEMPATH\CodeIgniter.php(507): CodeIgniter\CodeIgniter->runController(Object(App\Controllers\Login))
 5 SYSTEMPATH\CodeIgniter.php(354): CodeIgniter\CodeIgniter->handleRequest(null, Object(Config\Cache), false)
 6 SYSTEMPATH\Boot.php(334): CodeIgniter\CodeIgniter->run()
 7 SYSTEMPATH\Boot.php(67): CodeIgniter\Boot::runCodeIgniter(Object(CodeIgniter\CodeIgniter))
 8 FCPATH\index.php(56): CodeIgniter\Boot::bootWeb(Object(Config\Paths))
CRITICAL - 2025-02-14 02:36:29 --> ErrorException: require_once(../../wordpress/wp-load.php): Failed to open stream: No such file or directory
[Method: GET, Route: admin]
in APPPATH\Controllers\Login.php on line 19.
 1 APPPATH\Controllers\Login.php(19): CodeIgniter\Debug\Exceptions->errorHandler(2, 'require_once(../../wordpress/wp-load.php): Failed to open stream: No such file or directory', 'C:\\xampp\\htdocs\\auction\\app\\Controllers\\Login.php', 19)
 2 APPPATH\Controllers\Login.php(19): require_once()
 3 SYSTEMPATH\CodeIgniter.php(933): App\Controllers\Login->index()
 4 SYSTEMPATH\CodeIgniter.php(507): CodeIgniter\CodeIgniter->runController(Object(App\Controllers\Login))
 5 SYSTEMPATH\CodeIgniter.php(354): CodeIgniter\CodeIgniter->handleRequest(null, Object(Config\Cache), false)
 6 SYSTEMPATH\Boot.php(334): CodeIgniter\CodeIgniter->run()
 7 SYSTEMPATH\Boot.php(67): CodeIgniter\Boot::runCodeIgniter(Object(CodeIgniter\CodeIgniter))
 8 FCPATH\index.php(56): CodeIgniter\Boot::bootWeb(Object(Config\Paths))
CRITICAL - 2025-02-14 02:36:29 --> ErrorException: require_once(../../wordpress/wp-load.php): Failed to open stream: No such file or directory
[Method: GET, Route: admin]
in APPPATH\Controllers\Login.php on line 19.
 1 APPPATH\Controllers\Login.php(19): CodeIgniter\Debug\Exceptions->errorHandler(2, 'require_once(../../wordpress/wp-load.php): Failed to open stream: No such file or directory', 'C:\\xampp\\htdocs\\auction\\app\\Controllers\\Login.php', 19)
 2 APPPATH\Controllers\Login.php(19): require_once()
 3 SYSTEMPATH\CodeIgniter.php(933): App\Controllers\Login->index()
 4 SYSTEMPATH\CodeIgniter.php(507): CodeIgniter\CodeIgniter->runController(Object(App\Controllers\Login))
 5 SYSTEMPATH\CodeIgniter.php(354): CodeIgniter\CodeIgniter->handleRequest(null, Object(Config\Cache), false)
 6 SYSTEMPATH\Boot.php(334): CodeIgniter\CodeIgniter->run()
 7 SYSTEMPATH\Boot.php(67): CodeIgniter\Boot::runCodeIgniter(Object(CodeIgniter\CodeIgniter))
 8 FCPATH\index.php(56): CodeIgniter\Boot::bootWeb(Object(Config\Paths))
CRITICAL - 2025-02-14 02:36:29 --> ErrorException: require_once(../../wordpress/wp-load.php): Failed to open stream: No such file or directory
[Method: GET, Route: admin]
in APPPATH\Controllers\Login.php on line 19.
 1 APPPATH\Controllers\Login.php(19): CodeIgniter\Debug\Exceptions->errorHandler(2, 'require_once(../../wordpress/wp-load.php): Failed to open stream: No such file or directory', 'C:\\xampp\\htdocs\\auction\\app\\Controllers\\Login.php', 19)
 2 APPPATH\Controllers\Login.php(19): require_once()
 3 SYSTEMPATH\CodeIgniter.php(933): App\Controllers\Login->index()
 4 SYSTEMPATH\CodeIgniter.php(507): CodeIgniter\CodeIgniter->runController(Object(App\Controllers\Login))
 5 SYSTEMPATH\CodeIgniter.php(354): CodeIgniter\CodeIgniter->handleRequest(null, Object(Config\Cache), false)
 6 SYSTEMPATH\Boot.php(334): CodeIgniter\CodeIgniter->run()
 7 SYSTEMPATH\Boot.php(67): CodeIgniter\Boot::runCodeIgniter(Object(CodeIgniter\CodeIgniter))
 8 FCPATH\index.php(56): CodeIgniter\Boot::bootWeb(Object(Config\Paths))
CRITICAL - 2025-02-14 02:36:29 --> ErrorException: require_once(../../wordpress/wp-load.php): Failed to open stream: No such file or directory
[Method: GET, Route: admin]
in APPPATH\Controllers\Login.php on line 19.
 1 APPPATH\Controllers\Login.php(19): CodeIgniter\Debug\Exceptions->errorHandler(2, 'require_once(../../wordpress/wp-load.php): Failed to open stream: No such file or directory', 'C:\\xampp\\htdocs\\auction\\app\\Controllers\\Login.php', 19)
 2 APPPATH\Controllers\Login.php(19): require_once()
 3 SYSTEMPATH\CodeIgniter.php(933): App\Controllers\Login->index()
 4 SYSTEMPATH\CodeIgniter.php(507): CodeIgniter\CodeIgniter->runController(Object(App\Controllers\Login))
 5 SYSTEMPATH\CodeIgniter.php(354): CodeIgniter\CodeIgniter->handleRequest(null, Object(Config\Cache), false)
 6 SYSTEMPATH\Boot.php(334): CodeIgniter\CodeIgniter->run()
 7 SYSTEMPATH\Boot.php(67): CodeIgniter\Boot::runCodeIgniter(Object(CodeIgniter\CodeIgniter))
 8 FCPATH\index.php(56): CodeIgniter\Boot::bootWeb(Object(Config\Paths))
CRITICAL - 2025-02-14 02:36:29 --> ErrorException: require_once(../../wordpress/wp-load.php): Failed to open stream: No such file or directory
[Method: GET, Route: admin]
in APPPATH\Controllers\Login.php on line 19.
 1 APPPATH\Controllers\Login.php(19): CodeIgniter\Debug\Exceptions->errorHandler(2, 'require_once(../../wordpress/wp-load.php): Failed to open stream: No such file or directory', 'C:\\xampp\\htdocs\\auction\\app\\Controllers\\Login.php', 19)
 2 APPPATH\Controllers\Login.php(19): require_once()
 3 SYSTEMPATH\CodeIgniter.php(933): App\Controllers\Login->index()
 4 SYSTEMPATH\CodeIgniter.php(507): CodeIgniter\CodeIgniter->runController(Object(App\Controllers\Login))
 5 SYSTEMPATH\CodeIgniter.php(354): CodeIgniter\CodeIgniter->handleRequest(null, Object(Config\Cache), false)
 6 SYSTEMPATH\Boot.php(334): CodeIgniter\CodeIgniter->run()
 7 SYSTEMPATH\Boot.php(67): CodeIgniter\Boot::runCodeIgniter(Object(CodeIgniter\CodeIgniter))
 8 FCPATH\index.php(56): CodeIgniter\Boot::bootWeb(Object(Config\Paths))
ERROR - 2025-02-14 02:47:15 --> Error connecting to the database: mysqli_sql_exception: Unknown database 'wordpress' in C:\xampp\htdocs\auction\system\Database\MySQLi\Connection.php:201
Stack trace:
#0 C:\xampp\htdocs\auction\system\Database\MySQLi\Connection.php(201): mysqli->real_connect('localhost', 'root', Object(SensitiveParameterValue), 'wordpress', 3306, '', 0)
#1 C:\xampp\htdocs\auction\system\Database\BaseConnection.php(421): CodeIgniter\Database\MySQLi\Connection->connect(false)
#2 C:\xampp\htdocs\auction\system\Database\BaseConnection.php(620): CodeIgniter\Database\BaseConnection->initialize()
#3 C:\xampp\htdocs\auction\system\Database\BaseBuilder.php(1649): CodeIgniter\Database\BaseConnection->query('SELECT *\nFROM `...', Array, false)
#4 C:\xampp\htdocs\auction\system\Model.php(330): CodeIgniter\Database\BaseBuilder->get()
#5 C:\xampp\htdocs\auction\system\BaseModel.php(713): CodeIgniter\Model->doFirst()
#6 C:\xampp\htdocs\auction\app\Models\UserModel.php(17): CodeIgniter\BaseModel->first()
#7 C:\xampp\htdocs\auction\app\Controllers\Login.php(29): App\Models\UserModel->getUserByUsername('Krittawat')
#8 C:\xampp\htdocs\auction\system\CodeIgniter.php(933): App\Controllers\Login->login()
#9 C:\xampp\htdocs\auction\system\CodeIgniter.php(507): CodeIgniter\CodeIgniter->runController(Object(App\Controllers\Login))
#10 C:\xampp\htdocs\auction\system\CodeIgniter.php(354): CodeIgniter\CodeIgniter->handleRequest(NULL, Object(Config\Cache), false)
#11 C:\xampp\htdocs\auction\system\Boot.php(334): CodeIgniter\CodeIgniter->run()
#12 C:\xampp\htdocs\auction\system\Boot.php(67): CodeIgniter\Boot::runCodeIgniter(Object(CodeIgniter\CodeIgniter))
#13 C:\xampp\htdocs\auction\index.php(56): CodeIgniter\Boot::bootWeb(Object(Config\Paths))
#14 {main}

Next CodeIgniter\Database\Exceptions\DatabaseException: Unknown database 'wordpress' in C:\xampp\htdocs\auction\system\Database\MySQLi\Connection.php:246
Stack trace:
#0 C:\xampp\htdocs\auction\system\Database\BaseConnection.php(421): CodeIgniter\Database\MySQLi\Connection->connect(false)
#1 C:\xampp\htdocs\auction\system\Database\BaseConnection.php(620): CodeIgniter\Database\BaseConnection->initialize()
#2 C:\xampp\htdocs\auction\system\Database\BaseBuilder.php(1649): CodeIgniter\Database\BaseConnection->query('SELECT *\nFROM `...', Array, false)
#3 C:\xampp\htdocs\auction\system\Model.php(330): CodeIgniter\Database\BaseBuilder->get()
#4 C:\xampp\htdocs\auction\system\BaseModel.php(713): CodeIgniter\Model->doFirst()
#5 C:\xampp\htdocs\auction\app\Models\UserModel.php(17): CodeIgniter\BaseModel->first()
#6 C:\xampp\htdocs\auction\app\Controllers\Login.php(29): App\Models\UserModel->getUserByUsername('Krittawat')
#7 C:\xampp\htdocs\auction\system\CodeIgniter.php(933): App\Controllers\Login->login()
#8 C:\xampp\htdocs\auction\system\CodeIgniter.php(507): CodeIgniter\CodeIgniter->runController(Object(App\Controllers\Login))
#9 C:\xampp\htdocs\auction\system\CodeIgniter.php(354): CodeIgniter\CodeIgniter->handleRequest(NULL, Object(Config\Cache), false)
#10 C:\xampp\htdocs\auction\system\Boot.php(334): CodeIgniter\CodeIgniter->run()
#11 C:\xampp\htdocs\auction\system\Boot.php(67): CodeIgniter\Boot::runCodeIgniter(Object(CodeIgniter\CodeIgniter))
#12 C:\xampp\htdocs\auction\index.php(56): CodeIgniter\Boot::bootWeb(Object(Config\Paths))
#13 {main}
CRITICAL - 2025-02-14 02:47:15 --> CodeIgniter\Database\Exceptions\DatabaseException: Unable to connect to the database.
Main connection [MySQLi]: Unknown database 'wordpress'
[Method: POST, Route: login]
in SYSTEMPATH\Database\BaseConnection.php on line 467.
 1 SYSTEMPATH\Database\BaseConnection.php(620): CodeIgniter\Database\BaseConnection->initialize()
 2 SYSTEMPATH\Database\BaseBuilder.php(1649): CodeIgniter\Database\BaseConnection->query('SELECT *
FROM `wp_users`
WHERE `user_login` = :user_login:
 LIMIT 1', [...], false)
 3 SYSTEMPATH\Model.php(330): CodeIgniter\Database\BaseBuilder->get()
 4 SYSTEMPATH\BaseModel.php(713): CodeIgniter\Model->doFirst()
 5 APPPATH\Models\UserModel.php(17): CodeIgniter\BaseModel->first()
 6 APPPATH\Controllers\Login.php(29): App\Models\UserModel->getUserByUsername('Krittawat')
 7 SYSTEMPATH\CodeIgniter.php(933): App\Controllers\Login->login()
 8 SYSTEMPATH\CodeIgniter.php(507): CodeIgniter\CodeIgniter->runController(Object(App\Controllers\Login))
 9 SYSTEMPATH\CodeIgniter.php(354): CodeIgniter\CodeIgniter->handleRequest(null, Object(Config\Cache), false)
10 SYSTEMPATH\Boot.php(334): CodeIgniter\CodeIgniter->run()
11 SYSTEMPATH\Boot.php(67): CodeIgniter\Boot::runCodeIgniter(Object(CodeIgniter\CodeIgniter))
12 FCPATH\index.php(56): CodeIgniter\Boot::bootWeb(Object(Config\Paths))
CRITICAL - 2025-02-14 02:47:49 --> Error: Call to undefined function site_url()
[Method: POST, Route: login]
in SYSTEMPATH\Helpers\url_helper.php on line 107.
 1 SYSTEMPATH\HTTP\RedirectResponse.php(81): previous_url()
 2 APPPATH\Controllers\Login.php(36): CodeIgniter\HTTP\RedirectResponse->back()
 3 SYSTEMPATH\CodeIgniter.php(933): App\Controllers\Login->login()
 4 SYSTEMPATH\CodeIgniter.php(507): CodeIgniter\CodeIgniter->runController(Object(App\Controllers\Login))
 5 SYSTEMPATH\CodeIgniter.php(354): CodeIgniter\CodeIgniter->handleRequest(null, Object(Config\Cache), false)
 6 SYSTEMPATH\Boot.php(334): CodeIgniter\CodeIgniter->run()
 7 SYSTEMPATH\Boot.php(67): CodeIgniter\Boot::runCodeIgniter(Object(CodeIgniter\CodeIgniter))
 8 FCPATH\index.php(56): CodeIgniter\Boot::bootWeb(Object(Config\Paths))
CRITICAL - 2025-02-14 03:07:21 --> ParseError: syntax error, unexpected token "public", expecting end of file
[Method: POST, Route: login]
in APPPATH\Controllers\Login.php on line 62.
 1 SYSTEMPATH\Autoloader\Autoloader.php(295): CodeIgniter\Autoloader\Autoloader->includeFile('C:\\xampp\\htdocs\\auction\\app\\Controllers\\Login.php')
 2 SYSTEMPATH\Autoloader\Autoloader.php(271): CodeIgniter\Autoloader\Autoloader->loadInNamespace('App\\Controllers\\Login')
 3 [internal function]: CodeIgniter\Autoloader\Autoloader->loadClass('App\\Controllers\\Login')
 4 SYSTEMPATH\CodeIgniter.php(885): class_exists('\\App\\Controllers\\Login', true)
 5 SYSTEMPATH\CodeIgniter.php(494): CodeIgniter\CodeIgniter->startController()
 6 SYSTEMPATH\CodeIgniter.php(354): CodeIgniter\CodeIgniter->handleRequest(null, Object(Config\Cache), false)
 7 SYSTEMPATH\Boot.php(334): CodeIgniter\CodeIgniter->run()
 8 SYSTEMPATH\Boot.php(67): CodeIgniter\Boot::runCodeIgniter(Object(CodeIgniter\CodeIgniter))
 9 FCPATH\index.php(56): CodeIgniter\Boot::bootWeb(Object(Config\Paths))
